<?xml version="1.0" encoding="UTF-8"?>
<testsuite xmlns:xsi="http://www.w3.org/2001/XMLSchema-instance" xsi:noNamespaceSchemaLocation="https://maven.apache.org/surefire/maven-surefire-plugin/xsd/surefire-test-report.xsd" version="3.0.2" name="com.duoc.backend.BackendApplicationTests" time="2.738" tests="1" errors="0" skipped="0" failures="0">
  <properties>
[...]
</properties>
  <testcase name="contextLoads" classname="com.duoc.backend.BackendApplicationTests" time="0.355">
    <system-out><![CDATA[19:22:33.462 [main] INFO org.springframework.test.context.support.AnnotationConfigContextLoaderUtils -- Could not detect default configuration classes for test class [com.duoc.backend.BackendApplicationTests]: BackendApplicationTests does not declare any static, non-private, non-final, nested classes annotated with @Configuration.
19:22:33.521 [main] INFO org.springframework.boot.test.context.SpringBootTestContextBootstrapper -- Found @SpringBootConfiguration com.duoc.backend.BackendApplication for test class com.duoc.backend.BackendApplicationTests

  .   ____          _            __ _ _
 /\\ / ___'_ __ _ _(_)_ __  __ _ \ \ \ \
( ( )\___ | '_ | '_| | '_ \/ _` | \ \ \ \
 \\/  ___)| |_)| | | | | || (_| |  ) ) ) )
  '  |____| .__|_| |_|_| |_\__, | / / / /
 =========|_|==============|___/=/_/_/_/

 :: Spring Boot ::                (v3.4.4)

2025-03-29T19:22:33.711-03:00  INFO 90214 --- [backend] [           main] c.duoc.backend.BackendApplicationTests   : Starting BackendApplicationTests using Java 21.0.5 with PID 90214 (started by christianalvarezlobos in /Users/christianalvarezlobos/personal/Duoc/2025-1/CDY2203/Semana 2/Backend/backend)
2025-03-29T19:22:33.711-03:00 DEBUG 90214 --- [backend] [           main] c.duoc.backend.BackendApplicationTests   : Running with Spring Boot v3.4.4, Spring v6.2.5
2025-03-29T19:22:33.712-03:00  INFO 90214 --- [backend] [           main] c.duoc.backend.BackendApplicationTests   : No active profile set, falling back to 1 default profile: "default"
2025-03-29T19:22:33.731-03:00 TRACE 90214 --- [backend] [           main] o.s.w.c.s.GenericWebApplicationContext   : Refreshing org.springframework.web.context.support.GenericWebApplicationContext@63a5e46c, started on Sat Mar 29 19:22:33 CLST 2025
2025-03-29T19:22:33.977-03:00  INFO 90214 --- [backend] [           main] .s.d.r.c.RepositoryConfigurationDelegate : Bootstrapping Spring Data JPA repositories in DEFAULT mode.
2025-03-29T19:22:34.003-03:00  INFO 90214 --- [backend] [           main] .s.d.r.c.RepositoryConfigurationDelegate : Finished Spring Data repository scanning in 21 ms. Found 6 JPA repository interfaces.
2025-03-29T19:22:34.146-03:00 TRACE 90214 --- [backend] [           main] o.s.w.c.s.GenericWebApplicationContext   : No 'messageSource' bean, using [Empty MessageSource]
2025-03-29T19:22:34.146-03:00 TRACE 90214 --- [backend] [           main] o.s.w.c.s.GenericWebApplicationContext   : No 'applicationEventMulticaster' bean, using [SimpleApplicationEventMulticaster]
2025-03-29T19:22:34.157-03:00 DEBUG 90214 --- [backend] [           main] com.zaxxer.hikari.HikariConfig           : Driver class com.mysql.cj.jdbc.Driver found in Thread context class loader jdk.internal.loader.ClassLoaders$AppClassLoader@1cf4f579
2025-03-29T19:22:34.206-03:00 DEBUG 90214 --- [backend] [           main] o.hibernate.jpa.internal.util.LogHelper  : PersistenceUnitInfo [
	name: default
	persistence provider classname: null
	classloader: jdk.internal.loader.ClassLoaders$AppClassLoader@1cf4f579
	excludeUnlistedClasses: true
	JTA datasource: null
	Non JTA datasource: HikariDataSource (null)
	Transaction type: RESOURCE_LOCAL
	PU root URL: file:/Users/christianalvarezlobos/personal/Duoc/2025-1/CDY2203/Semana%202/Backend/backend/target/test-classes/
	Shared Cache Mode: UNSPECIFIED
	Validation Mode: AUTO
	Jar files URLs []
	Managed classes names [
		com.duoc.backend.Appointment.Appointment
		com.duoc.backend.Care.Care
		com.duoc.backend.Invoice.Invoice
		com.duoc.backend.Medication.Medication
		com.duoc.backend.Patient.Patient
		com.duoc.backend.User]
	Mapping files names []
	Properties []
2025-03-29T19:22:34.209-03:00 DEBUG 90214 --- [backend] [           main] o.h.i.internal.IntegratorServiceImpl     : Adding Integrator [org.hibernate.boot.beanvalidation.BeanValidationIntegrator].
2025-03-29T19:22:34.210-03:00 DEBUG 90214 --- [backend] [           main] o.h.i.internal.IntegratorServiceImpl     : Adding Integrator [org.hibernate.cache.internal.CollectionCacheInvalidator].
2025-03-29T19:22:34.214-03:00 TRACE 90214 --- [backend] [           main] o.h.b.r.s.internal.StrategySelectorImpl  : Registering named strategy selector [org.hibernate.resource.transaction.spi.TransactionCoordinatorBuilder] : [jdbc] -> [org.hibernate.resource.transaction.backend.jdbc.internal.JdbcResourceLocalTransactionCoordinatorBuilderImpl]
2025-03-29T19:22:34.214-03:00 TRACE 90214 --- [backend] [           main] o.h.b.r.s.internal.StrategySelectorImpl  : Registering named strategy selector [org.hibernate.resource.transaction.spi.TransactionCoordinatorBuilder] : [jta] -> [org.hibernate.resource.transaction.backend.jta.internal.JtaTransactionCoordinatorBuilderImpl]
2025-03-29T19:22:34.214-03:00 TRACE 90214 --- [backend] [           main] o.h.b.r.s.internal.StrategySelectorImpl  : Registering named strategy selector [org.hibernate.resource.transaction.spi.TransactionCoordinatorBuilder] : [org.hibernate.transaction.JDBCTransactionFactory] -> [org.hibernate.resource.transaction.backend.jdbc.internal.JdbcResourceLocalTransactionCoordinatorBuilderImpl]
2025-03-29T19:22:34.214-03:00 TRACE 90214 --- [backend] [           main] o.h.b.r.s.internal.StrategySelectorImpl  : Registering named strategy selector [org.hibernate.resource.transaction.spi.TransactionCoordinatorBuilder] : [org.hibernate.transaction.JTATransactionFactory] -> [org.hibernate.resource.transaction.backend.jta.internal.JtaTransactionCoordinatorBuilderImpl]
2025-03-29T19:22:34.214-03:00 TRACE 90214 --- [backend] [           main] o.h.b.r.s.internal.StrategySelectorImpl  : Registering named strategy selector [org.hibernate.resource.transaction.spi.TransactionCoordinatorBuilder] : [org.hibernate.transaction.CMTTransactionFactory] -> [org.hibernate.resource.transaction.backend.jta.internal.JtaTransactionCoordinatorBuilderImpl]
2025-03-29T19:22:34.215-03:00 TRACE 90214 --- [backend] [           main] o.h.b.r.s.internal.StrategySelectorImpl  : Registering named strategy selector [org.hibernate.query.sqm.mutation.spi.SqmMultiTableInsertStrategy] : [cte] -> [org.hibernate.query.sqm.mutation.internal.cte.CteInsertStrategy]
2025-03-29T19:22:34.216-03:00 TRACE 90214 --- [backend] [           main] o.h.b.r.s.internal.StrategySelectorImpl  : Registering named strategy selector [org.hibernate.query.sqm.mutation.spi.SqmMultiTableInsertStrategy] : [global_temporary] -> [org.hibernate.query.sqm.mutation.internal.temptable.GlobalTemporaryTableInsertStrategy]
2025-03-29T19:22:34.216-03:00 TRACE 90214 --- [backend] [           main] o.h.b.r.s.internal.StrategySelectorImpl  : Registering named strategy selector [org.hibernate.query.sqm.mutation.spi.SqmMultiTableInsertStrategy] : [local_temporary] -> [org.hibernate.query.sqm.mutation.internal.temptable.LocalTemporaryTableInsertStrategy]
2025-03-29T19:22:34.216-03:00 TRACE 90214 --- [backend] [           main] o.h.b.r.s.internal.StrategySelectorImpl  : Registering named strategy selector [org.hibernate.query.sqm.mutation.spi.SqmMultiTableInsertStrategy] : [persistent] -> [org.hibernate.query.sqm.mutation.internal.temptable.PersistentTableInsertStrategy]
2025-03-29T19:22:34.216-03:00 TRACE 90214 --- [backend] [           main] o.h.b.r.s.internal.StrategySelectorImpl  : Registering named strategy selector [org.hibernate.query.sqm.mutation.spi.SqmMultiTableMutationStrategy] : [cte] -> [org.hibernate.query.sqm.mutation.internal.cte.CteMutationStrategy]
2025-03-29T19:22:34.216-03:00 TRACE 90214 --- [backend] [           main] o.h.b.r.s.internal.StrategySelectorImpl  : Registering named strategy selector [org.hibernate.query.sqm.mutation.spi.SqmMultiTableMutationStrategy] : [global_temporary] -> [org.hibernate.query.sqm.mutation.internal.temptable.GlobalTemporaryTableMutationStrategy]
2025-03-29T19:22:34.217-03:00 TRACE 90214 --- [backend] [           main] o.h.b.r.s.internal.StrategySelectorImpl  : Registering named strategy selector [org.hibernate.query.sqm.mutation.spi.SqmMultiTableMutationStrategy] : [local_temporary] -> [org.hibernate.query.sqm.mutation.internal.temptable.LocalTemporaryTableMutationStrategy]
2025-03-29T19:22:34.217-03:00 TRACE 90214 --- [backend] [           main] o.h.b.r.s.internal.StrategySelectorImpl  : Registering named strategy selector [org.hibernate.query.sqm.mutation.spi.SqmMultiTableMutationStrategy] : [persistent] -> [org.hibernate.query.sqm.mutation.internal.temptable.PersistentTableMutationStrategy]
2025-03-29T19:22:34.217-03:00 TRACE 90214 --- [backend] [           main] o.h.b.r.s.internal.StrategySelectorImpl  : Registering named strategy selector [org.hibernate.boot.model.naming.ImplicitNamingStrategy] : [default] -> [org.hibernate.boot.model.naming.ImplicitNamingStrategyJpaCompliantImpl]
2025-03-29T19:22:34.217-03:00 TRACE 90214 --- [backend] [           main] o.h.b.r.s.internal.StrategySelectorImpl  : Registering named strategy selector [org.hibernate.boot.model.naming.ImplicitNamingStrategy] : [jpa] -> [org.hibernate.boot.model.naming.ImplicitNamingStrategyJpaCompliantImpl]
2025-03-29T19:22:34.217-03:00 TRACE 90214 --- [backend] [           main] o.h.b.r.s.internal.StrategySelectorImpl  : Registering named strategy selector [org.hibernate.boot.model.naming.ImplicitNamingStrategy] : [legacy-jpa] -> [org.hibernate.boot.model.naming.ImplicitNamingStrategyLegacyJpaImpl]
2025-03-29T19:22:34.217-03:00 TRACE 90214 --- [backend] [           main] o.h.b.r.s.internal.StrategySelectorImpl  : Registering named strategy selector [org.hibernate.boot.model.naming.ImplicitNamingStrategy] : [legacy-hbm] -> [org.hibernate.boot.model.naming.ImplicitNamingStrategyLegacyHbmImpl]
2025-03-29T19:22:34.217-03:00 TRACE 90214 --- [backend] [           main] o.h.b.r.s.internal.StrategySelectorImpl  : Registering named strategy selector [org.hibernate.boot.model.naming.ImplicitNamingStrategy] : [component-path] -> [org.hibernate.boot.model.naming.ImplicitNamingStrategyComponentPathImpl]
2025-03-29T19:22:34.218-03:00 TRACE 90214 --- [backend] [           main] o.h.b.r.s.internal.StrategySelectorImpl  : Registering named strategy selector [org.hibernate.id.enhanced.ImplicitDatabaseObjectNamingStrategy] : [standard] -> [org.hibernate.id.enhanced.StandardNamingStrategy]
2025-03-29T19:22:34.219-03:00 TRACE 90214 --- [backend] [           main] o.h.b.r.s.internal.StrategySelectorImpl  : Registering named strategy selector [org.hibernate.id.enhanced.ImplicitDatabaseObjectNamingStrategy] : [single] -> [org.hibernate.id.enhanced.SingleNamingStrategy]
2025-03-29T19:22:34.219-03:00 TRACE 90214 --- [backend] [           main] o.h.b.r.s.internal.StrategySelectorImpl  : Registering named strategy selector [org.hibernate.id.enhanced.ImplicitDatabaseObjectNamingStrategy] : [legacy] -> [org.hibernate.id.enhanced.LegacyNamingStrategy]
2025-03-29T19:22:34.219-03:00 TRACE 90214 --- [backend] [           main] o.h.b.r.s.internal.StrategySelectorImpl  : Registering named strategy selector [org.hibernate.boot.model.relational.ColumnOrderingStrategy] : [default] -> [org.hibernate.boot.model.relational.ColumnOrderingStrategyStandard]
2025-03-29T19:22:34.219-03:00 TRACE 90214 --- [backend] [           main] o.h.b.r.s.internal.StrategySelectorImpl  : Registering named strategy selector [org.hibernate.boot.model.relational.ColumnOrderingStrategy] : [legacy] -> [org.hibernate.boot.model.relational.ColumnOrderingStrategyLegacy]
2025-03-29T19:22:34.220-03:00 TRACE 90214 --- [backend] [           main] o.h.b.r.s.internal.StrategySelectorImpl  : Registering named strategy selector [org.hibernate.cache.spi.CacheKeysFactory] : [default] -> [org.hibernate.cache.internal.DefaultCacheKeysFactory]
2025-03-29T19:22:34.220-03:00 TRACE 90214 --- [backend] [           main] o.h.b.r.s.internal.StrategySelectorImpl  : Registering named strategy selector [org.hibernate.cache.spi.CacheKeysFactory] : [simple] -> [org.hibernate.cache.internal.SimpleCacheKeysFactory]
2025-03-29T19:22:34.221-03:00 TRACE 90214 --- [backend] [           main] o.h.b.r.s.internal.StrategySelectorImpl  : Registering named strategy selector [org.hibernate.type.format.FormatMapper] : [jackson] -> [org.hibernate.type.format.jackson.JacksonJsonFormatMapper]
2025-03-29T19:22:34.221-03:00 TRACE 90214 --- [backend] [           main] o.h.b.r.s.internal.StrategySelectorImpl  : Registering named strategy selector [org.hibernate.type.format.FormatMapper] : [jsonb] -> [org.hibernate.type.format.jakartajson.JsonBJsonFormatMapper]
2025-03-29T19:22:34.221-03:00 TRACE 90214 --- [backend] [           main] o.h.b.r.s.internal.StrategySelectorImpl  : Registering named strategy selector [org.hibernate.type.format.FormatMapper] : [jackson-xml] -> [org.hibernate.type.format.jackson.JacksonXmlFormatMapper]
2025-03-29T19:22:34.222-03:00 TRACE 90214 --- [backend] [           main] o.h.b.r.s.internal.StrategySelectorImpl  : Registering named strategy selector [org.hibernate.type.format.FormatMapper] : [jaxb] -> [org.hibernate.type.format.jaxb.JaxbXmlFormatMapper]
2025-03-29T19:22:34.237-03:00  INFO 90214 --- [backend] [           main] org.hibernate.Version                    : HHH000412: Hibernate ORM core version 6.6.11.Final
2025-03-29T19:22:34.238-03:00 DEBUG 90214 --- [backend] [           main] org.hibernate.cfg.Environment            : HHH000206: 'hibernate.properties' not found
2025-03-29T19:22:34.245-03:00 TRACE 90214 --- [backend] [           main] o.h.s.i.AbstractServiceRegistryImpl      : Initializing service [role=org.hibernate.id.factory.IdentifierGeneratorFactory]
2025-03-29T19:22:34.246-03:00 TRACE 90214 --- [backend] [           main] o.h.s.i.AbstractServiceRegistryImpl      : Initializing service [role=org.hibernate.engine.config.spi.ConfigurationService]
2025-03-29T19:22:34.248-03:00 TRACE 90214 --- [backend] [           main] o.h.s.i.AbstractServiceRegistryImpl      : Initializing service [role=org.hibernate.resource.beans.spi.ManagedBeanRegistry]
2025-03-29T19:22:34.250-03:00 DEBUG 90214 --- [backend] [           main] org.hibernate.orm.idgen.factory          : Registering IdentifierGenerator strategy [uuid2] -> [org.hibernate.id.UUIDGenerator]
2025-03-29T19:22:34.250-03:00 DEBUG 90214 --- [backend] [           main] org.hibernate.orm.idgen.factory          : Registering IdentifierGenerator strategy [guid] -> [org.hibernate.id.GUIDGenerator]
2025-03-29T19:22:34.250-03:00 DEBUG 90214 --- [backend] [           main] org.hibernate.orm.idgen.factory          : Registering IdentifierGenerator strategy [uuid] -> [org.hibernate.id.UUIDHexGenerator]
2025-03-29T19:22:34.250-03:00 DEBUG 90214 --- [backend] [           main] org.hibernate.orm.idgen.factory          : Registering IdentifierGenerator strategy [uuid.hex] -> [org.hibernate.id.UUIDHexGenerator]
2025-03-29T19:22:34.250-03:00 DEBUG 90214 --- [backend] [           main] org.hibernate.orm.idgen.factory          : Registering IdentifierGenerator strategy [assigned] -> [org.hibernate.id.Assigned]
2025-03-29T19:22:34.251-03:00 DEBUG 90214 --- [backend] [           main] org.hibernate.orm.idgen.factory          : Registering IdentifierGenerator strategy [identity] -> [org.hibernate.id.IdentityGenerator]
2025-03-29T19:22:34.251-03:00 DEBUG 90214 --- [backend] [           main] org.hibernate.orm.idgen.factory          : Registering IdentifierGenerator strategy [select] -> [org.hibernate.id.SelectGenerator]
2025-03-29T19:22:34.252-03:00 DEBUG 90214 --- [backend] [           main] org.hibernate.orm.idgen.factory          : Registering IdentifierGenerator strategy [sequence] -> [org.hibernate.id.enhanced.SequenceStyleGenerator]
2025-03-29T19:22:34.252-03:00 DEBUG 90214 --- [backend] [           main] org.hibernate.orm.idgen.factory          : Registering IdentifierGenerator strategy [increment] -> [org.hibernate.id.IncrementGenerator]
2025-03-29T19:22:34.252-03:00 DEBUG 90214 --- [backend] [           main] org.hibernate.orm.idgen.factory          : Registering IdentifierGenerator strategy [foreign] -> [org.hibernate.id.ForeignGenerator]
2025-03-29T19:22:34.253-03:00 DEBUG 90214 --- [backend] [           main] org.hibernate.orm.idgen.factory          : Registering IdentifierGenerator strategy [enhanced-sequence] -> [org.hibernate.id.enhanced.SequenceStyleGenerator]
2025-03-29T19:22:34.254-03:00 DEBUG 90214 --- [backend] [           main] org.hibernate.orm.idgen.factory          : Registering IdentifierGenerator strategy [enhanced-table] -> [org.hibernate.id.enhanced.TableGenerator]
2025-03-29T19:22:34.258-03:00 TRACE 90214 --- [backend] [           main] o.h.s.i.AbstractServiceRegistryImpl      : Initializing service [role=org.hibernate.engine.jdbc.connections.spi.MultiTenantConnectionProvider]
2025-03-29T19:22:34.258-03:00 TRACE 90214 --- [backend] [           main] o.h.s.i.AbstractServiceRegistryImpl      : Initializing service [role=org.hibernate.cache.spi.RegionFactory]
2025-03-29T19:22:34.259-03:00 DEBUG 90214 --- [backend] [           main] o.h.c.internal.RegionFactoryInitiator    : Cannot default RegionFactory based on registered strategies as `[]` RegionFactory strategies were registered
2025-03-29T19:22:34.259-03:00  INFO 90214 --- [backend] [           main] o.h.c.internal.RegionFactoryInitiator    : HHH000026: Second-level cache disabled
2025-03-29T19:22:34.298-03:00 DEBUG 90214 --- [backend] [           main] org.hibernate.type.BasicTypeRegistry     : Adding type registration boolean -> org.hibernate.type.BasicTypeReference@53a50b0a
2025-03-29T19:22:34.298-03:00 DEBUG 90214 --- [backend] [           main] org.hibernate.type.BasicTypeRegistry     : Adding type registration boolean -> org.hibernate.type.BasicTypeReference@53a50b0a
2025-03-29T19:22:34.298-03:00 DEBUG 90214 --- [backend] [           main] org.hibernate.type.BasicTypeRegistry     : Adding type registration java.lang.Boolean -> org.hibernate.type.BasicTypeReference@53a50b0a
2025-03-29T19:22:34.298-03:00 DEBUG 90214 --- [backend] [           main] org.hibernate.type.BasicTypeRegistry     : Adding type registration numeric_boolean -> org.hibernate.type.BasicTypeReference@74ba6ff5
2025-03-29T19:22:34.298-03:00 DEBUG 90214 --- [backend] [           main] org.hibernate.type.BasicTypeRegistry     : Adding type registration org.hibernate.type.NumericBooleanConverter -> org.hibernate.type.BasicTypeReference@74ba6ff5
2025-03-29T19:22:34.298-03:00 DEBUG 90214 --- [backend] [           main] org.hibernate.type.BasicTypeRegistry     : Adding type registration true_false -> org.hibernate.type.BasicTypeReference@395f52ed
2025-03-29T19:22:34.298-03:00 DEBUG 90214 --- [backend] [           main] org.hibernate.type.BasicTypeRegistry     : Adding type registration org.hibernate.type.TrueFalseConverter -> org.hibernate.type.BasicTypeReference@395f52ed
2025-03-29T19:22:34.298-03:00 DEBUG 90214 --- [backend] [           main] org.hibernate.type.BasicTypeRegistry     : Adding type registration yes_no -> org.hibernate.type.BasicTypeReference@7a84788f
2025-03-29T19:22:34.299-03:00 DEBUG 90214 --- [backend] [           main] org.hibernate.type.BasicTypeRegistry     : Adding type registration org.hibernate.type.YesNoConverter -> org.hibernate.type.BasicTypeReference@7a84788f
2025-03-29T19:22:34.299-03:00 DEBUG 90214 --- [backend] [           main] org.hibernate.type.BasicTypeRegistry     : Adding type registration byte -> org.hibernate.type.BasicTypeReference@102c18e
2025-03-29T19:22:34.299-03:00 DEBUG 90214 --- [backend] [           main] org.hibernate.type.BasicTypeRegistry     : Adding type registration byte -> org.hibernate.type.BasicTypeReference@102c18e
2025-03-29T19:22:34.299-03:00 DEBUG 90214 --- [backend] [           main] org.hibernate.type.BasicTypeRegistry     : Adding type registration java.lang.Byte -> org.hibernate.type.BasicTypeReference@102c18e
2025-03-29T19:22:34.299-03:00 DEBUG 90214 --- [backend] [           main] org.hibernate.type.BasicTypeRegistry     : Adding type registration binary -> org.hibernate.type.BasicTypeReference@26e0d39c
2025-03-29T19:22:34.299-03:00 DEBUG 90214 --- [backend] [           main] org.hibernate.type.BasicTypeRegistry     : Adding type registration byte[] -> org.hibernate.type.BasicTypeReference@26e0d39c
2025-03-29T19:22:34.299-03:00 DEBUG 90214 --- [backend] [           main] org.hibernate.type.BasicTypeRegistry     : Adding type registration [B -> org.hibernate.type.BasicTypeReference@26e0d39c
2025-03-29T19:22:34.299-03:00 DEBUG 90214 --- [backend] [           main] org.hibernate.type.BasicTypeRegistry     : Adding type registration binary_wrapper -> org.hibernate.type.BasicTypeReference@65eb3597
2025-03-29T19:22:34.299-03:00 DEBUG 90214 --- [backend] [           main] org.hibernate.type.BasicTypeRegistry     : Adding type registration wrapper-binary -> org.hibernate.type.BasicTypeReference@65eb3597
2025-03-29T19:22:34.299-03:00 DEBUG 90214 --- [backend] [           main] org.hibernate.type.BasicTypeRegistry     : Adding type registration image -> org.hibernate.type.BasicTypeReference@3c7279a5
2025-03-29T19:22:34.299-03:00 DEBUG 90214 --- [backend] [           main] org.hibernate.type.BasicTypeRegistry     : Adding type registration blob -> org.hibernate.type.BasicTypeReference@2bebd114
2025-03-29T19:22:34.299-03:00 DEBUG 90214 --- [backend] [           main] org.hibernate.type.BasicTypeRegistry     : Adding type registration java.sql.Blob -> org.hibernate.type.BasicTypeReference@2bebd114
2025-03-29T19:22:34.299-03:00 DEBUG 90214 --- [backend] [           main] org.hibernate.type.BasicTypeRegistry     : Adding type registration materialized_blob -> org.hibernate.type.BasicTypeReference@b379bc6
2025-03-29T19:22:34.299-03:00 DEBUG 90214 --- [backend] [           main] org.hibernate.type.BasicTypeRegistry     : Adding type registration materialized_blob_wrapper -> org.hibernate.type.BasicTypeReference@374c40ba
2025-03-29T19:22:34.300-03:00 DEBUG 90214 --- [backend] [           main] org.hibernate.type.BasicTypeRegistry     : Adding type registration short -> org.hibernate.type.BasicTypeReference@18dcb8a7
2025-03-29T19:22:34.300-03:00 DEBUG 90214 --- [backend] [           main] org.hibernate.type.BasicTypeRegistry     : Adding type registration short -> org.hibernate.type.BasicTypeReference@18dcb8a7
2025-03-29T19:22:34.300-03:00 DEBUG 90214 --- [backend] [           main] org.hibernate.type.BasicTypeRegistry     : Adding type registration java.lang.Short -> org.hibernate.type.BasicTypeReference@18dcb8a7
2025-03-29T19:22:34.300-03:00 DEBUG 90214 --- [backend] [           main] org.hibernate.type.BasicTypeRegistry     : Adding type registration integer -> org.hibernate.type.BasicTypeReference@6dcab9d9
2025-03-29T19:22:34.300-03:00 DEBUG 90214 --- [backend] [           main] org.hibernate.type.BasicTypeRegistry     : Adding type registration int -> org.hibernate.type.BasicTypeReference@6dcab9d9
2025-03-29T19:22:34.300-03:00 DEBUG 90214 --- [backend] [           main] org.hibernate.type.BasicTypeRegistry     : Adding type registration java.lang.Integer -> org.hibernate.type.BasicTypeReference@6dcab9d9
2025-03-29T19:22:34.300-03:00 DEBUG 90214 --- [backend] [           main] org.hibernate.type.BasicTypeRegistry     : Adding type registration long -> org.hibernate.type.BasicTypeReference@5a14e60d
2025-03-29T19:22:34.300-03:00 DEBUG 90214 --- [backend] [           main] org.hibernate.type.BasicTypeRegistry     : Adding type registration long -> org.hibernate.type.BasicTypeReference@5a14e60d
2025-03-29T19:22:34.300-03:00 DEBUG 90214 --- [backend] [           main] org.hibernate.type.BasicTypeRegistry     : Adding type registration java.lang.Long -> org.hibernate.type.BasicTypeReference@5a14e60d
2025-03-29T19:22:34.301-03:00 DEBUG 90214 --- [backend] [           main] org.hibernate.type.BasicTypeRegistry     : Adding type registration float -> org.hibernate.type.BasicTypeReference@f882465
2025-03-29T19:22:34.301-03:00 DEBUG 90214 --- [backend] [           main] org.hibernate.type.BasicTypeRegistry     : Adding type registration float -> org.hibernate.type.BasicTypeReference@f882465
2025-03-29T19:22:34.301-03:00 DEBUG 90214 --- [backend] [           main] org.hibernate.type.BasicTypeRegistry     : Adding type registration java.lang.Float -> org.hibernate.type.BasicTypeReference@f882465
2025-03-29T19:22:34.301-03:00 DEBUG 90214 --- [backend] [           main] org.hibernate.type.BasicTypeRegistry     : Adding type registration double -> org.hibernate.type.BasicTypeReference@72ecbcb3
2025-03-29T19:22:34.301-03:00 DEBUG 90214 --- [backend] [           main] org.hibernate.type.BasicTypeRegistry     : Adding type registration double -> org.hibernate.type.BasicTypeReference@72ecbcb3
2025-03-29T19:22:34.301-03:00 DEBUG 90214 --- [backend] [           main] org.hibernate.type.BasicTypeRegistry     : Adding type registration java.lang.Double -> org.hibernate.type.BasicTypeReference@72ecbcb3
2025-03-29T19:22:34.301-03:00 DEBUG 90214 --- [backend] [           main] org.hibernate.type.BasicTypeRegistry     : Adding type registration big_integer -> org.hibernate.type.BasicTypeReference@4a50c746
2025-03-29T19:22:34.301-03:00 DEBUG 90214 --- [backend] [           main] org.hibernate.type.BasicTypeRegistry     : Adding type registration java.math.BigInteger -> org.hibernate.type.BasicTypeReference@4a50c746
2025-03-29T19:22:34.302-03:00 DEBUG 90214 --- [backend] [           main] org.hibernate.type.BasicTypeRegistry     : Adding type registration big_decimal -> org.hibernate.type.BasicTypeReference@3709748f
2025-03-29T19:22:34.302-03:00 DEBUG 90214 --- [backend] [           main] org.hibernate.type.BasicTypeRegistry     : Adding type registration java.math.BigDecimal -> org.hibernate.type.BasicTypeReference@3709748f
2025-03-29T19:22:34.302-03:00 DEBUG 90214 --- [backend] [           main] org.hibernate.type.BasicTypeRegistry     : Adding type registration character -> org.hibernate.type.BasicTypeReference@79ecc507
2025-03-29T19:22:34.302-03:00 DEBUG 90214 --- [backend] [           main] org.hibernate.type.BasicTypeRegistry     : Adding type registration char -> org.hibernate.type.BasicTypeReference@79ecc507
2025-03-29T19:22:34.302-03:00 DEBUG 90214 --- [backend] [           main] org.hibernate.type.BasicTypeRegistry     : Adding type registration java.lang.Character -> org.hibernate.type.BasicTypeReference@79ecc507
2025-03-29T19:22:34.302-03:00 DEBUG 90214 --- [backend] [           main] org.hibernate.type.BasicTypeRegistry     : Adding type registration character_nchar -> org.hibernate.type.BasicTypeReference@6ef2f7ad
2025-03-29T19:22:34.302-03:00 DEBUG 90214 --- [backend] [           main] org.hibernate.type.BasicTypeRegistry     : Adding type registration string -> org.hibernate.type.BasicTypeReference@22d477c2
2025-03-29T19:22:34.302-03:00 DEBUG 90214 --- [backend] [           main] org.hibernate.type.BasicTypeRegistry     : Adding type registration java.lang.String -> org.hibernate.type.BasicTypeReference@22d477c2
2025-03-29T19:22:34.302-03:00 DEBUG 90214 --- [backend] [           main] org.hibernate.type.BasicTypeRegistry     : Adding type registration nstring -> org.hibernate.type.BasicTypeReference@5e85c21b
2025-03-29T19:22:34.303-03:00 DEBUG 90214 --- [backend] [           main] org.hibernate.type.BasicTypeRegistry     : Adding type registration characters -> org.hibernate.type.BasicTypeReference@41def031
2025-03-29T19:22:34.303-03:00 DEBUG 90214 --- [backend] [           main] org.hibernate.type.BasicTypeRegistry     : Adding type registration char[] -> org.hibernate.type.BasicTypeReference@41def031
2025-03-29T19:22:34.303-03:00 DEBUG 90214 --- [backend] [           main] org.hibernate.type.BasicTypeRegistry     : Adding type registration [C -> org.hibernate.type.BasicTypeReference@41def031
2025-03-29T19:22:34.303-03:00 DEBUG 90214 --- [backend] [           main] org.hibernate.type.BasicTypeRegistry     : Adding type registration wrapper-characters -> org.hibernate.type.BasicTypeReference@38e83838
2025-03-29T19:22:34.303-03:00 DEBUG 90214 --- [backend] [           main] org.hibernate.type.BasicTypeRegistry     : Adding type registration text -> org.hibernate.type.BasicTypeReference@39832280
2025-03-29T19:22:34.303-03:00 DEBUG 90214 --- [backend] [           main] org.hibernate.type.BasicTypeRegistry     : Adding type registration ntext -> org.hibernate.type.BasicTypeReference@4966bab1
2025-03-29T19:22:34.303-03:00 DEBUG 90214 --- [backend] [           main] org.hibernate.type.BasicTypeRegistry     : Adding type registration clob -> org.hibernate.type.BasicTypeReference@7f0f84d4
2025-03-29T19:22:34.303-03:00 DEBUG 90214 --- [backend] [           main] org.hibernate.type.BasicTypeRegistry     : Adding type registration java.sql.Clob -> org.hibernate.type.BasicTypeReference@7f0f84d4
2025-03-29T19:22:34.303-03:00 DEBUG 90214 --- [backend] [           main] org.hibernate.type.BasicTypeRegistry     : Adding type registration nclob -> org.hibernate.type.BasicTypeReference@6df4af5
2025-03-29T19:22:34.303-03:00 DEBUG 90214 --- [backend] [           main] org.hibernate.type.BasicTypeRegistry     : Adding type registration java.sql.NClob -> org.hibernate.type.BasicTypeReference@6df4af5
2025-03-29T19:22:34.303-03:00 DEBUG 90214 --- [backend] [           main] org.hibernate.type.BasicTypeRegistry     : Adding type registration materialized_clob -> org.hibernate.type.BasicTypeReference@26e8ff8c
2025-03-29T19:22:34.303-03:00 DEBUG 90214 --- [backend] [           main] org.hibernate.type.BasicTypeRegistry     : Adding type registration materialized_clob_char_array -> org.hibernate.type.BasicTypeReference@5aa76ad2
2025-03-29T19:22:34.303-03:00 DEBUG 90214 --- [backend] [           main] org.hibernate.type.BasicTypeRegistry     : Adding type registration materialized_clob_character_array -> org.hibernate.type.BasicTypeReference@590d6c76
2025-03-29T19:22:34.303-03:00 DEBUG 90214 --- [backend] [           main] org.hibernate.type.BasicTypeRegistry     : Adding type registration materialized_nclob -> org.hibernate.type.BasicTypeReference@25791d40
2025-03-29T19:22:34.303-03:00 DEBUG 90214 --- [backend] [           main] org.hibernate.type.BasicTypeRegistry     : Adding type registration materialized_nclob_character_array -> org.hibernate.type.BasicTypeReference@448c92fc
2025-03-29T19:22:34.303-03:00 DEBUG 90214 --- [backend] [           main] org.hibernate.type.BasicTypeRegistry     : Adding type registration materialized_nclob_char_array -> org.hibernate.type.BasicTypeReference@251c8145
2025-03-29T19:22:34.303-03:00 DEBUG 90214 --- [backend] [           main] org.hibernate.type.BasicTypeRegistry     : Adding type registration Duration -> org.hibernate.type.BasicTypeReference@17c0274c
2025-03-29T19:22:34.303-03:00 DEBUG 90214 --- [backend] [           main] org.hibernate.type.BasicTypeRegistry     : Adding type registration java.time.Duration -> org.hibernate.type.BasicTypeReference@17c0274c
2025-03-29T19:22:34.304-03:00 DEBUG 90214 --- [backend] [           main] org.hibernate.type.BasicTypeRegistry     : Adding type registration LocalDateTime -> org.hibernate.type.BasicTypeReference@7abeabe9
2025-03-29T19:22:34.304-03:00 DEBUG 90214 --- [backend] [           main] org.hibernate.type.BasicTypeRegistry     : Adding type registration java.time.LocalDateTime -> org.hibernate.type.BasicTypeReference@7abeabe9
2025-03-29T19:22:34.304-03:00 DEBUG 90214 --- [backend] [           main] org.hibernate.type.BasicTypeRegistry     : Adding type registration LocalDate -> org.hibernate.type.BasicTypeReference@5a05dd30
2025-03-29T19:22:34.304-03:00 DEBUG 90214 --- [backend] [           main] org.hibernate.type.BasicTypeRegistry     : Adding type registration java.time.LocalDate -> org.hibernate.type.BasicTypeReference@5a05dd30
2025-03-29T19:22:34.304-03:00 DEBUG 90214 --- [backend] [           main] org.hibernate.type.BasicTypeRegistry     : Adding type registration LocalTime -> org.hibernate.type.BasicTypeReference@1b52699c
2025-03-29T19:22:34.304-03:00 DEBUG 90214 --- [backend] [           main] org.hibernate.type.BasicTypeRegistry     : Adding type registration java.time.LocalTime -> org.hibernate.type.BasicTypeReference@1b52699c
2025-03-29T19:22:34.304-03:00 DEBUG 90214 --- [backend] [           main] org.hibernate.type.BasicTypeRegistry     : Adding type registration OffsetDateTime -> org.hibernate.type.BasicTypeReference@dbed7fd
2025-03-29T19:22:34.304-03:00 DEBUG 90214 --- [backend] [           main] org.hibernate.type.BasicTypeRegistry     : Adding type registration java.time.OffsetDateTime -> org.hibernate.type.BasicTypeReference@dbed7fd
2025-03-29T19:22:34.304-03:00 DEBUG 90214 --- [backend] [           main] org.hibernate.type.BasicTypeRegistry     : Adding type registration OffsetDateTimeWithTimezone -> org.hibernate.type.BasicTypeReference@250d440
2025-03-29T19:22:34.304-03:00 DEBUG 90214 --- [backend] [           main] org.hibernate.type.BasicTypeRegistry     : Adding type registration OffsetDateTimeWithoutTimezone -> org.hibernate.type.BasicTypeReference@7e5efcab
2025-03-29T19:22:34.304-03:00 DEBUG 90214 --- [backend] [           main] org.hibernate.type.BasicTypeRegistry     : Adding type registration OffsetTime -> org.hibernate.type.BasicTypeReference@5a4dda2
2025-03-29T19:22:34.304-03:00 DEBUG 90214 --- [backend] [           main] org.hibernate.type.BasicTypeRegistry     : Adding type registration java.time.OffsetTime -> org.hibernate.type.BasicTypeReference@5a4dda2
2025-03-29T19:22:34.304-03:00 DEBUG 90214 --- [backend] [           main] org.hibernate.type.BasicTypeRegistry     : Adding type registration OffsetTimeUtc -> org.hibernate.type.BasicTypeReference@1d2fb82
2025-03-29T19:22:34.304-03:00 DEBUG 90214 --- [backend] [           main] org.hibernate.type.BasicTypeRegistry     : Adding type registration OffsetTimeWithTimezone -> org.hibernate.type.BasicTypeReference@34045582
2025-03-29T19:22:34.304-03:00 DEBUG 90214 --- [backend] [           main] org.hibernate.type.BasicTypeRegistry     : Adding type registration OffsetTimeWithoutTimezone -> org.hibernate.type.BasicTypeReference@3db65c0d
2025-03-29T19:22:34.304-03:00 DEBUG 90214 --- [backend] [           main] org.hibernate.type.BasicTypeRegistry     : Adding type registration ZonedDateTime -> org.hibernate.type.BasicTypeReference@1edccfd4
2025-03-29T19:22:34.305-03:00 DEBUG 90214 --- [backend] [           main] org.hibernate.type.BasicTypeRegistry     : Adding type registration java.time.ZonedDateTime -> org.hibernate.type.BasicTypeReference@1edccfd4
2025-03-29T19:22:34.305-03:00 DEBUG 90214 --- [backend] [           main] org.hibernate.type.BasicTypeRegistry     : Adding type registration ZonedDateTimeWithTimezone -> org.hibernate.type.BasicTypeReference@8c43966
2025-03-29T19:22:34.305-03:00 DEBUG 90214 --- [backend] [           main] org.hibernate.type.BasicTypeRegistry     : Adding type registration ZonedDateTimeWithoutTimezone -> org.hibernate.type.BasicTypeReference@1efac5b9
2025-03-29T19:22:34.305-03:00 DEBUG 90214 --- [backend] [           main] org.hibernate.type.BasicTypeRegistry     : Adding type registration date -> org.hibernate.type.BasicTypeReference@11a3a45f
2025-03-29T19:22:34.305-03:00 DEBUG 90214 --- [backend] [           main] org.hibernate.type.BasicTypeRegistry     : Adding type registration java.sql.Date -> org.hibernate.type.BasicTypeReference@11a3a45f
2025-03-29T19:22:34.305-03:00 DEBUG 90214 --- [backend] [           main] org.hibernate.type.BasicTypeRegistry     : Adding type registration time -> org.hibernate.type.BasicTypeReference@69796bd0
2025-03-29T19:22:34.305-03:00 DEBUG 90214 --- [backend] [           main] org.hibernate.type.BasicTypeRegistry     : Adding type registration java.sql.Time -> org.hibernate.type.BasicTypeReference@69796bd0
2025-03-29T19:22:34.305-03:00 DEBUG 90214 --- [backend] [           main] org.hibernate.type.BasicTypeRegistry     : Adding type registration timestamp -> org.hibernate.type.BasicTypeReference@40df6090
2025-03-29T19:22:34.305-03:00 DEBUG 90214 --- [backend] [           main] org.hibernate.type.BasicTypeRegistry     : Adding type registration java.sql.Timestamp -> org.hibernate.type.BasicTypeReference@40df6090
2025-03-29T19:22:34.305-03:00 DEBUG 90214 --- [backend] [           main] org.hibernate.type.BasicTypeRegistry     : Adding type registration java.util.Date -> org.hibernate.type.BasicTypeReference@40df6090
2025-03-29T19:22:34.305-03:00 DEBUG 90214 --- [backend] [           main] org.hibernate.type.BasicTypeRegistry     : Adding type registration calendar -> org.hibernate.type.BasicTypeReference@8c0a23f
2025-03-29T19:22:34.305-03:00 DEBUG 90214 --- [backend] [           main] org.hibernate.type.BasicTypeRegistry     : Adding type registration java.util.Calendar -> org.hibernate.type.BasicTypeReference@8c0a23f
2025-03-29T19:22:34.305-03:00 DEBUG 90214 --- [backend] [           main] org.hibernate.type.BasicTypeRegistry     : Adding type registration java.util.GregorianCalendar -> org.hibernate.type.BasicTypeReference@8c0a23f
2025-03-29T19:22:34.305-03:00 DEBUG 90214 --- [backend] [           main] org.hibernate.type.BasicTypeRegistry     : Adding type registration calendar_date -> org.hibernate.type.BasicTypeReference@44d7e24
2025-03-29T19:22:34.305-03:00 DEBUG 90214 --- [backend] [           main] org.hibernate.type.BasicTypeRegistry     : Adding type registration calendar_time -> org.hibernate.type.BasicTypeReference@26c8b296
2025-03-29T19:22:34.305-03:00 DEBUG 90214 --- [backend] [           main] org.hibernate.type.BasicTypeRegistry     : Adding type registration instant -> org.hibernate.type.BasicTypeReference@1d289d3f
2025-03-29T19:22:34.305-03:00 DEBUG 90214 --- [backend] [           main] org.hibernate.type.BasicTypeRegistry     : Adding type registration java.time.Instant -> org.hibernate.type.BasicTypeReference@1d289d3f
2025-03-29T19:22:34.305-03:00 DEBUG 90214 --- [backend] [           main] org.hibernate.type.BasicTypeRegistry     : Adding type registration uuid -> org.hibernate.type.BasicTypeReference@10f405ff
2025-03-29T19:22:34.305-03:00 DEBUG 90214 --- [backend] [           main] org.hibernate.type.BasicTypeRegistry     : Adding type registration java.util.UUID -> org.hibernate.type.BasicTypeReference@10f405ff
2025-03-29T19:22:34.305-03:00 DEBUG 90214 --- [backend] [           main] org.hibernate.type.BasicTypeRegistry     : Adding type registration pg-uuid -> org.hibernate.type.BasicTypeReference@10f405ff
2025-03-29T19:22:34.305-03:00 DEBUG 90214 --- [backend] [           main] org.hibernate.type.BasicTypeRegistry     : Adding type registration uuid-binary -> org.hibernate.type.BasicTypeReference@7f27f59b
2025-03-29T19:22:34.305-03:00 DEBUG 90214 --- [backend] [           main] org.hibernate.type.BasicTypeRegistry     : Adding type registration uuid-char -> org.hibernate.type.BasicTypeReference@1c98b4eb
2025-03-29T19:22:34.305-03:00 DEBUG 90214 --- [backend] [           main] org.hibernate.type.BasicTypeRegistry     : Adding type registration class -> org.hibernate.type.BasicTypeReference@45801322
2025-03-29T19:22:34.305-03:00 DEBUG 90214 --- [backend] [           main] org.hibernate.type.BasicTypeRegistry     : Adding type registration java.lang.Class -> org.hibernate.type.BasicTypeReference@45801322
2025-03-29T19:22:34.305-03:00 DEBUG 90214 --- [backend] [           main] org.hibernate.type.BasicTypeRegistry     : Adding type registration currency -> org.hibernate.type.BasicTypeReference@756b2d90
2025-03-29T19:22:34.306-03:00 DEBUG 90214 --- [backend] [           main] org.hibernate.type.BasicTypeRegistry     : Adding type registration Currency -> org.hibernate.type.BasicTypeReference@756b2d90
2025-03-29T19:22:34.306-03:00 DEBUG 90214 --- [backend] [           main] org.hibernate.type.BasicTypeRegistry     : Adding type registration java.util.Currency -> org.hibernate.type.BasicTypeReference@756b2d90
2025-03-29T19:22:34.306-03:00 DEBUG 90214 --- [backend] [           main] org.hibernate.type.BasicTypeRegistry     : Adding type registration locale -> org.hibernate.type.BasicTypeReference@3520958b
2025-03-29T19:22:34.306-03:00 DEBUG 90214 --- [backend] [           main] org.hibernate.type.BasicTypeRegistry     : Adding type registration java.util.Locale -> org.hibernate.type.BasicTypeReference@3520958b
2025-03-29T19:22:34.306-03:00 DEBUG 90214 --- [backend] [           main] org.hibernate.type.BasicTypeRegistry     : Adding type registration serializable -> org.hibernate.type.BasicTypeReference@6cc64028
2025-03-29T19:22:34.306-03:00 DEBUG 90214 --- [backend] [           main] org.hibernate.type.BasicTypeRegistry     : Adding type registration java.io.Serializable -> org.hibernate.type.BasicTypeReference@6cc64028
2025-03-29T19:22:34.306-03:00 DEBUG 90214 --- [backend] [           main] org.hibernate.type.BasicTypeRegistry     : Adding type registration timezone -> org.hibernate.type.BasicTypeReference@291a4791
2025-03-29T19:22:34.306-03:00 DEBUG 90214 --- [backend] [           main] org.hibernate.type.BasicTypeRegistry     : Adding type registration java.util.TimeZone -> org.hibernate.type.BasicTypeReference@291a4791
2025-03-29T19:22:34.306-03:00 DEBUG 90214 --- [backend] [           main] org.hibernate.type.BasicTypeRegistry     : Adding type registration ZoneOffset -> org.hibernate.type.BasicTypeReference@5b1e88f
2025-03-29T19:22:34.306-03:00 DEBUG 90214 --- [backend] [           main] org.hibernate.type.BasicTypeRegistry     : Adding type registration java.time.ZoneOffset -> org.hibernate.type.BasicTypeReference@5b1e88f
2025-03-29T19:22:34.306-03:00 DEBUG 90214 --- [backend] [           main] org.hibernate.type.BasicTypeRegistry     : Adding type registration url -> org.hibernate.type.BasicTypeReference@340cb97f
2025-03-29T19:22:34.306-03:00 DEBUG 90214 --- [backend] [           main] org.hibernate.type.BasicTypeRegistry     : Adding type registration java.net.URL -> org.hibernate.type.BasicTypeReference@340cb97f
2025-03-29T19:22:34.306-03:00 DEBUG 90214 --- [backend] [           main] org.hibernate.type.BasicTypeRegistry     : Adding type registration vector -> org.hibernate.type.BasicTypeReference@6a1568d6
2025-03-29T19:22:34.306-03:00 DEBUG 90214 --- [backend] [           main] org.hibernate.type.BasicTypeRegistry     : Adding type registration float_vector -> org.hibernate.type.BasicTypeReference@11c88cca
2025-03-29T19:22:34.306-03:00 DEBUG 90214 --- [backend] [           main] org.hibernate.type.BasicTypeRegistry     : Adding type registration double_vector -> org.hibernate.type.BasicTypeReference@1b37fbec
2025-03-29T19:22:34.306-03:00 DEBUG 90214 --- [backend] [           main] org.hibernate.type.BasicTypeRegistry     : Adding type registration byte_vector -> org.hibernate.type.BasicTypeReference@4a216eb4
2025-03-29T19:22:34.306-03:00 DEBUG 90214 --- [backend] [           main] org.hibernate.type.BasicTypeRegistry     : Adding type registration row_version -> org.hibernate.type.BasicTypeReference@bb3ecfe
2025-03-29T19:22:34.308-03:00 DEBUG 90214 --- [backend] [           main] org.hibernate.type.BasicTypeRegistry     : Adding type registration object -> org.hibernate.type.JavaObjectType@6e9a0bea
2025-03-29T19:22:34.308-03:00 DEBUG 90214 --- [backend] [           main] org.hibernate.type.BasicTypeRegistry     : Adding type registration java.lang.Object -> org.hibernate.type.JavaObjectType@6e9a0bea
2025-03-29T19:22:34.308-03:00 DEBUG 90214 --- [backend] [           main] org.hibernate.type.BasicTypeRegistry     : Adding type registration null -> org.hibernate.type.NullType@19fec3d6
2025-03-29T19:22:34.308-03:00 DEBUG 90214 --- [backend] [           main] org.hibernate.type.BasicTypeRegistry     : Adding type registration imm_date -> org.hibernate.type.BasicTypeReference@5287ba5f
2025-03-29T19:22:34.308-03:00 DEBUG 90214 --- [backend] [           main] org.hibernate.type.BasicTypeRegistry     : Adding type registration imm_time -> org.hibernate.type.BasicTypeReference@b768a65
2025-03-29T19:22:34.309-03:00 DEBUG 90214 --- [backend] [           main] org.hibernate.type.BasicTypeRegistry     : Adding type registration imm_timestamp -> org.hibernate.type.BasicTypeReference@6897a4a
2025-03-29T19:22:34.309-03:00 DEBUG 90214 --- [backend] [           main] org.hibernate.type.BasicTypeRegistry     : Adding type registration imm_calendar -> org.hibernate.type.BasicTypeReference@6986f93e
2025-03-29T19:22:34.309-03:00 DEBUG 90214 --- [backend] [           main] org.hibernate.type.BasicTypeRegistry     : Adding type registration imm_calendar_date -> org.hibernate.type.BasicTypeReference@6bce313
2025-03-29T19:22:34.309-03:00 DEBUG 90214 --- [backend] [           main] org.hibernate.type.BasicTypeRegistry     : Adding type registration imm_calendar_time -> org.hibernate.type.BasicTypeReference@39266403
2025-03-29T19:22:34.309-03:00 DEBUG 90214 --- [backend] [           main] org.hibernate.type.BasicTypeRegistry     : Adding type registration imm_binary -> org.hibernate.type.BasicTypeReference@74b00247
2025-03-29T19:22:34.309-03:00 DEBUG 90214 --- [backend] [           main] org.hibernate.type.BasicTypeRegistry     : Adding type registration imm_serializable -> org.hibernate.type.BasicTypeReference@2aa14ae6
2025-03-29T19:22:34.310-03:00 TRACE 90214 --- [backend] [           main] o.h.q.sqm.function.SqmFunctionRegistry   : SqmFunctionRegistry created
2025-03-29T19:22:34.310-03:00 TRACE 90214 --- [backend] [           main] o.h.s.i.AbstractServiceRegistryImpl      : Initializing service [role=org.hibernate.boot.cfgxml.spi.CfgXmlAccessService]
2025-03-29T19:22:34.311-03:00 DEBUG 90214 --- [backend] [           main] o.h.boot.internal.BootstrapContextImpl   : Injecting JPA temp ClassLoader [org.springframework.instrument.classloading.SimpleThrowawayClassLoader@2c9d90fc] into BootstrapContext; was [null]
2025-03-29T19:22:34.311-03:00 DEBUG 90214 --- [backend] [           main] o.h.boot.internal.ClassLoaderAccessImpl  : ClassLoaderAccessImpl#injectTempClassLoader(org.springframework.instrument.classloading.SimpleThrowawayClassLoader@2c9d90fc) [was null]
2025-03-29T19:22:34.311-03:00 DEBUG 90214 --- [backend] [           main] o.h.boot.internal.BootstrapContextImpl   : Injecting ScanEnvironment [org.hibernate.jpa.boot.internal.StandardJpaScanEnvironmentImpl@666618d6] into BootstrapContext; was [null]
2025-03-29T19:22:34.311-03:00 DEBUG 90214 --- [backend] [           main] o.h.boot.internal.BootstrapContextImpl   : Injecting ScanOptions [org.hibernate.boot.archive.scan.internal.StandardScanOptions@5b1c32e4] into BootstrapContext; was [org.hibernate.boot.archive.scan.internal.StandardScanOptions@2bab618]
2025-03-29T19:22:34.324-03:00 DEBUG 90214 --- [backend] [           main] o.h.j.b.i.PersistenceUnitInfoDescriptor  : Pushing class transformers for PU named 'default' on loading classloader jdk.internal.loader.ClassLoaders$AppClassLoader@1cf4f579
2025-03-29T19:22:34.401-03:00  INFO 90214 --- [backend] [           main] o.s.o.j.p.SpringPersistenceUnitInfo      : No LoadTimeWeaver setup: ignoring JPA class transformer
2025-03-29T19:22:34.401-03:00 DEBUG 90214 --- [backend] [           main] o.h.boot.internal.BootstrapContextImpl   : Injecting JPA temp ClassLoader [null] into BootstrapContext; was [org.springframework.instrument.classloading.SimpleThrowawayClassLoader@2c9d90fc]
2025-03-29T19:22:34.401-03:00 DEBUG 90214 --- [backend] [           main] o.h.boot.internal.ClassLoaderAccessImpl  : ClassLoaderAccessImpl#injectTempClassLoader(null) [was org.springframework.instrument.classloading.SimpleThrowawayClassLoader@2c9d90fc]
2025-03-29T19:22:34.405-03:00 TRACE 90214 --- [backend] [           main] o.h.s.i.AbstractServiceRegistryImpl      : Initializing service [role=org.hibernate.engine.jdbc.env.spi.JdbcEnvironment]
2025-03-29T19:22:34.405-03:00 TRACE 90214 --- [backend] [           main] o.h.s.i.AbstractServiceRegistryImpl      : Initializing service [role=org.hibernate.engine.jdbc.dialect.spi.DialectFactory]
2025-03-29T19:22:34.406-03:00 TRACE 90214 --- [backend] [           main] o.h.s.i.AbstractServiceRegistryImpl      : Initializing service [role=org.hibernate.engine.jdbc.dialect.spi.DialectResolver]
2025-03-29T19:22:34.408-03:00 TRACE 90214 --- [backend] [           main] o.h.s.i.AbstractServiceRegistryImpl      : Initializing service [role=org.hibernate.engine.jdbc.connections.spi.MultiTenantConnectionProvider]
2025-03-29T19:22:34.408-03:00 TRACE 90214 --- [backend] [           main] o.h.s.i.AbstractServiceRegistryImpl      : Initializing service [role=org.hibernate.engine.jdbc.connections.spi.ConnectionProvider]
2025-03-29T19:22:34.408-03:00 TRACE 90214 --- [backend] [           main] o.h.s.i.AbstractServiceRegistryImpl      : Initializing service [role=org.hibernate.engine.jdbc.connections.spi.MultiTenantConnectionProvider]
2025-03-29T19:22:34.408-03:00 TRACE 90214 --- [backend] [           main] o.h.s.i.AbstractServiceRegistryImpl      : Initializing service [role=org.hibernate.engine.jndi.spi.JndiService]
2025-03-29T19:22:34.411-03:00 TRACE 90214 --- [backend] [           main] o.h.s.i.AbstractServiceRegistryImpl      : Initializing service [role=org.hibernate.resource.transaction.spi.TransactionCoordinatorBuilder]
2025-03-29T19:22:34.414-03:00 DEBUG 90214 --- [backend] [           main] com.zaxxer.hikari.HikariConfig           : HikariPool-1 - configuration:
2025-03-29T19:22:34.417-03:00 DEBUG 90214 --- [backend] [           main] com.zaxxer.hikari.HikariConfig           : allowPoolSuspension.............false
2025-03-29T19:22:34.417-03:00 DEBUG 90214 --- [backend] [           main] com.zaxxer.hikari.HikariConfig           : autoCommit......................true
2025-03-29T19:22:34.417-03:00 DEBUG 90214 --- [backend] [           main] com.zaxxer.hikari.HikariConfig           : catalog.........................none
2025-03-29T19:22:34.417-03:00 DEBUG 90214 --- [backend] [           main] com.zaxxer.hikari.HikariConfig           : connectionInitSql...............none
2025-03-29T19:22:34.417-03:00 DEBUG 90214 --- [backend] [           main] com.zaxxer.hikari.HikariConfig           : connectionTestQuery.............none
2025-03-29T19:22:34.417-03:00 DEBUG 90214 --- [backend] [           main] com.zaxxer.hikari.HikariConfig           : connectionTimeout...............30000
2025-03-29T19:22:34.417-03:00 DEBUG 90214 --- [backend] [           main] com.zaxxer.hikari.HikariConfig           : dataSource......................none
2025-03-29T19:22:34.417-03:00 DEBUG 90214 --- [backend] [           main] com.zaxxer.hikari.HikariConfig           : dataSourceClassName.............none
2025-03-29T19:22:34.417-03:00 DEBUG 90214 --- [backend] [           main] com.zaxxer.hikari.HikariConfig           : dataSourceJNDI..................none
2025-03-29T19:22:34.418-03:00 DEBUG 90214 --- [backend] [           main] com.zaxxer.hikari.HikariConfig           : dataSourceProperties............{password=<masked>}
2025-03-29T19:22:34.418-03:00 DEBUG 90214 --- [backend] [           main] com.zaxxer.hikari.HikariConfig           : driverClassName................."com.mysql.cj.jdbc.Driver"
2025-03-29T19:22:34.418-03:00 DEBUG 90214 --- [backend] [           main] com.zaxxer.hikari.HikariConfig           : exceptionOverrideClassName......none
2025-03-29T19:22:34.418-03:00 DEBUG 90214 --- [backend] [           main] com.zaxxer.hikari.HikariConfig           : healthCheckProperties...........{}
2025-03-29T19:22:34.418-03:00 DEBUG 90214 --- [backend] [           main] com.zaxxer.hikari.HikariConfig           : healthCheckRegistry.............none
2025-03-29T19:22:34.418-03:00 DEBUG 90214 --- [backend] [           main] com.zaxxer.hikari.HikariConfig           : idleTimeout.....................600000
2025-03-29T19:22:34.418-03:00 DEBUG 90214 --- [backend] [           main] com.zaxxer.hikari.HikariConfig           : initializationFailTimeout.......1
2025-03-29T19:22:34.418-03:00 DEBUG 90214 --- [backend] [           main] com.zaxxer.hikari.HikariConfig           : isolateInternalQueries..........false
2025-03-29T19:22:34.418-03:00 DEBUG 90214 --- [backend] [           main] com.zaxxer.hikari.HikariConfig           : jdbcUrl.........................jdbc:mysql://localhost:3306/mydatabase
2025-03-29T19:22:34.418-03:00 DEBUG 90214 --- [backend] [           main] com.zaxxer.hikari.HikariConfig           : keepaliveTime...................0
2025-03-29T19:22:34.418-03:00 DEBUG 90214 --- [backend] [           main] com.zaxxer.hikari.HikariConfig           : leakDetectionThreshold..........0
2025-03-29T19:22:34.418-03:00 DEBUG 90214 --- [backend] [           main] com.zaxxer.hikari.HikariConfig           : maxLifetime.....................1800000
2025-03-29T19:22:34.418-03:00 DEBUG 90214 --- [backend] [           main] com.zaxxer.hikari.HikariConfig           : maximumPoolSize.................10
2025-03-29T19:22:34.418-03:00 DEBUG 90214 --- [backend] [           main] com.zaxxer.hikari.HikariConfig           : metricRegistry..................none
2025-03-29T19:22:34.418-03:00 DEBUG 90214 --- [backend] [           main] com.zaxxer.hikari.HikariConfig           : metricsTrackerFactory...........none
2025-03-29T19:22:34.419-03:00 DEBUG 90214 --- [backend] [           main] com.zaxxer.hikari.HikariConfig           : minimumIdle.....................10
2025-03-29T19:22:34.419-03:00 DEBUG 90214 --- [backend] [           main] com.zaxxer.hikari.HikariConfig           : password........................<masked>
2025-03-29T19:22:34.419-03:00 DEBUG 90214 --- [backend] [           main] com.zaxxer.hikari.HikariConfig           : poolName........................"HikariPool-1"
2025-03-29T19:22:34.419-03:00 DEBUG 90214 --- [backend] [           main] com.zaxxer.hikari.HikariConfig           : readOnly........................false
2025-03-29T19:22:34.419-03:00 DEBUG 90214 --- [backend] [           main] com.zaxxer.hikari.HikariConfig           : registerMbeans..................false
2025-03-29T19:22:34.419-03:00 DEBUG 90214 --- [backend] [           main] com.zaxxer.hikari.HikariConfig           : scheduledExecutor...............none
2025-03-29T19:22:34.419-03:00 DEBUG 90214 --- [backend] [           main] com.zaxxer.hikari.HikariConfig           : schema..........................none
2025-03-29T19:22:34.419-03:00 DEBUG 90214 --- [backend] [           main] com.zaxxer.hikari.HikariConfig           : threadFactory...................internal
2025-03-29T19:22:34.419-03:00 DEBUG 90214 --- [backend] [           main] com.zaxxer.hikari.HikariConfig           : transactionIsolation............default
2025-03-29T19:22:34.419-03:00 DEBUG 90214 --- [backend] [           main] com.zaxxer.hikari.HikariConfig           : username........................"myuser"
2025-03-29T19:22:34.419-03:00 DEBUG 90214 --- [backend] [           main] com.zaxxer.hikari.HikariConfig           : validationTimeout...............5000
2025-03-29T19:22:34.419-03:00  INFO 90214 --- [backend] [           main] com.zaxxer.hikari.HikariDataSource       : HikariPool-1 - Starting...
2025-03-29T19:22:34.633-03:00  INFO 90214 --- [backend] [           main] com.zaxxer.hikari.pool.HikariPool        : HikariPool-1 - Added connection com.mysql.cj.jdbc.ConnectionImpl@2fa212df
2025-03-29T19:22:34.634-03:00  INFO 90214 --- [backend] [           main] com.zaxxer.hikari.HikariDataSource       : HikariPool-1 - Start completed.
2025-03-29T19:22:34.636-03:00 DEBUG 90214 --- [backend] [           main] o.h.e.j.e.i.JdbcEnvironmentInitiator     : Database ->
	   name : MySQL
	version : 8.0.32
	  major : 8
	  minor : 0
2025-03-29T19:22:34.636-03:00 DEBUG 90214 --- [backend] [           main] o.h.e.j.e.i.JdbcEnvironmentInitiator     : Driver ->
	   name : MySQL Connector/J
	version : mysql-connector-j-9.1.0 (Revision: cf2917ea44ae2e43a4514a33771035aa99de73bf)
	  major : 9
	  minor : 1
2025-03-29T19:22:34.636-03:00 DEBUG 90214 --- [backend] [           main] o.h.e.j.e.i.JdbcEnvironmentInitiator     : JDBC version : 4.2
2025-03-29T19:22:34.664-03:00  WARN 90214 --- [backend] [           main] org.hibernate.orm.deprecation            : HHH90000025: MySQL8Dialect does not need to be specified explicitly using 'hibernate.dialect' (remove the property setting and it will be selected by default)
2025-03-29T19:22:34.665-03:00 DEBUG 90214 --- [backend] [           main] org.hibernate.orm.dialect                : HHH035001: Using dialect: org.hibernate.dialect.MySQL8Dialect, version: 8.0
2025-03-29T19:22:34.665-03:00  WARN 90214 --- [backend] [           main] org.hibernate.orm.deprecation            : HHH90000026: MySQL8Dialect has been deprecated; use org.hibernate.dialect.MySQLDialect instead
2025-03-29T19:22:34.666-03:00 DEBUG 90214 --- [backend] [           main] o.h.e.j.env.spi.IdentifierHelperBuilder  : JDBC driver metadata reported database stores quoted identifiers in more than one case
2025-03-29T19:22:34.666-03:00 DEBUG 90214 --- [backend] [           main] o.h.e.j.env.spi.IdentifierHelperBuilder  : IdentifierCaseStrategy for both quoted and unquoted identifiers was set to the same strategy [MIXED]; that will likely lead to problems in schema update and validation if using quoted identifiers
2025-03-29T19:22:34.667-03:00 TRACE 90214 --- [backend] [           main] .e.j.e.i.NormalizingIdentifierHelperImpl : Normalizing identifier quoting [mydatabase]
2025-03-29T19:22:34.667-03:00 TRACE 90214 --- [backend] [           main] .e.j.e.i.NormalizingIdentifierHelperImpl : Normalizing identifier quoting [null]
2025-03-29T19:22:34.670-03:00 TRACE 90214 --- [backend] [           main] o.h.s.i.AbstractServiceRegistryImpl      : Initializing service [role=org.hibernate.engine.jdbc.connections.spi.MultiTenantConnectionProvider]
2025-03-29T19:22:34.672-03:00  INFO 90214 --- [backend] [           main] org.hibernate.orm.connections.pooling    : HHH10001005: Database info:
	Database JDBC URL [Connecting through datasource 'HikariDataSource (HikariPool-1)']
	Database driver: undefined/unknown
	Database version: 8.0
	Autocommit mode: undefined/unknown
	Isolation level: undefined/unknown
	Minimum pool size: undefined/unknown
	Maximum pool size: undefined/unknown
2025-03-29T19:22:34.672-03:00 TRACE 90214 --- [backend] [           main] o.h.s.i.AbstractServiceRegistryImpl      : Initializing service [role=org.hibernate.engine.jdbc.spi.JdbcServices]
2025-03-29T19:22:34.672-03:00 TRACE 90214 --- [backend] [           main] o.h.s.i.AbstractServiceRegistryImpl      : Initializing service [role=org.hibernate.engine.jdbc.spi.SqlStatementLogger]
2025-03-29T19:22:34.672-03:00 TRACE 90214 --- [backend] [           main] o.h.s.i.AbstractServiceRegistryImpl      : Initializing service [role=org.hibernate.sql.ast.spi.ParameterMarkerStrategy]
2025-03-29T19:22:34.674-03:00 DEBUG 90214 --- [backend] [           main] o.h.t.d.sql.spi.DdlTypeRegistry          : addDescriptor(12, org.hibernate.type.descriptor.sql.internal.CapacityDependentDdlType@431babe6) replaced previous registration(org.hibernate.type.descriptor.sql.internal.CapacityDependentDdlType@17befef0)
2025-03-29T19:22:34.674-03:00 DEBUG 90214 --- [backend] [           main] o.h.t.d.sql.spi.DdlTypeRegistry          : addDescriptor(-9, org.hibernate.type.descriptor.sql.internal.CapacityDependentDdlType@5072e638) replaced previous registration(org.hibernate.type.descriptor.sql.internal.CapacityDependentDdlType@3129299f)
2025-03-29T19:22:34.674-03:00 DEBUG 90214 --- [backend] [           main] o.h.t.d.sql.spi.DdlTypeRegistry          : addDescriptor(-3, org.hibernate.type.descriptor.sql.internal.CapacityDependentDdlType@2f73f0c7) replaced previous registration(org.hibernate.type.descriptor.sql.internal.CapacityDependentDdlType@4fdac2a7)
2025-03-29T19:22:34.675-03:00 DEBUG 90214 --- [backend] [           main] o.h.t.d.sql.spi.DdlTypeRegistry          : addDescriptor(4003, org.hibernate.type.descriptor.sql.internal.DdlTypeImpl@8debe42) replaced previous registration(org.hibernate.type.descriptor.sql.internal.DdlTypeImpl@70c31b17)
2025-03-29T19:22:34.675-03:00 DEBUG 90214 --- [backend] [           main] o.h.t.d.sql.spi.DdlTypeRegistry          : addDescriptor(4001, org.hibernate.type.descriptor.sql.internal.DdlTypeImpl@40863800) replaced previous registration(org.hibernate.type.descriptor.sql.internal.DdlTypeImpl@5950054d)
2025-03-29T19:22:34.675-03:00 DEBUG 90214 --- [backend] [           main] o.h.t.d.sql.spi.DdlTypeRegistry          : addDescriptor(4002, org.hibernate.type.descriptor.sql.internal.DdlTypeImpl@24018c8b) replaced previous registration(org.hibernate.type.descriptor.sql.internal.DdlTypeImpl@4cf230bf)
2025-03-29T19:22:34.675-03:00 DEBUG 90214 --- [backend] [           main] o.h.t.d.sql.spi.DdlTypeRegistry          : addDescriptor(2004, org.hibernate.type.descriptor.sql.internal.CapacityDependentDdlType@3dc55719) replaced previous registration(org.hibernate.type.descriptor.sql.internal.DdlTypeImpl@64665781)
2025-03-29T19:22:34.675-03:00 DEBUG 90214 --- [backend] [           main] o.h.t.d.sql.spi.DdlTypeRegistry          : addDescriptor(2005, org.hibernate.type.descriptor.sql.internal.CapacityDependentDdlType@4c2bea52) replaced previous registration(org.hibernate.type.descriptor.sql.internal.DdlTypeImpl@11015ca0)
2025-03-29T19:22:34.675-03:00 DEBUG 90214 --- [backend] [           main] o.h.t.d.sql.spi.DdlTypeRegistry          : addDescriptor(2011, org.hibernate.type.descriptor.sql.internal.CapacityDependentDdlType@6ebbc06) replaced previous registration(org.hibernate.type.descriptor.sql.internal.DdlTypeImpl@50672905)
2025-03-29T19:22:34.675-03:00 DEBUG 90214 --- [backend] [           main] o.h.t.d.jdbc.spi.JdbcTypeRegistry        : addDescriptor(NCharTypeDescriptor) replaced previous registration(CharTypeDescriptor)
2025-03-29T19:22:34.676-03:00 DEBUG 90214 --- [backend] [           main] o.h.t.d.jdbc.spi.JdbcTypeRegistry        : addDescriptor(NVarcharTypeDescriptor) replaced previous registration(VarcharTypeDescriptor)
2025-03-29T19:22:34.676-03:00 DEBUG 90214 --- [backend] [           main] o.h.t.d.jdbc.spi.JdbcTypeRegistry        : addDescriptor(LongNVarcharTypeDescriptor) replaced previous registration(LongVarcharTypeDescriptor)
2025-03-29T19:22:34.676-03:00 DEBUG 90214 --- [backend] [           main] o.h.t.d.jdbc.spi.JdbcTypeRegistry        : addDescriptor(NClobTypeDescriptor(DEFAULT)) replaced previous registration(ClobTypeDescriptor(DEFAULT))
2025-03-29T19:22:34.677-03:00 DEBUG 90214 --- [backend] [           main] org.hibernate.type.BasicTypeRegistry     : Adding type registration null -> org.hibernate.type.NullType@35ceec81
2025-03-29T19:22:34.677-03:00 DEBUG 90214 --- [backend] [           main] org.hibernate.type.BasicTypeRegistry     : Type registration key [null] overrode previous entry : `org.hibernate.type.NullType@19fec3d6`
2025-03-29T19:22:34.678-03:00 DEBUG 90214 --- [backend] [           main] org.hibernate.type.BasicTypeRegistry     : Adding type registration org.hibernate.type.DurationType -> basicType@1(java.time.Duration,3015)
2025-03-29T19:22:34.679-03:00 DEBUG 90214 --- [backend] [           main] org.hibernate.type.BasicTypeRegistry     : Adding type registration Duration -> basicType@1(java.time.Duration,3015)
2025-03-29T19:22:34.679-03:00 DEBUG 90214 --- [backend] [           main] org.hibernate.type.BasicTypeRegistry     : Adding type registration java.time.Duration -> basicType@1(java.time.Duration,3015)
2025-03-29T19:22:34.679-03:00 DEBUG 90214 --- [backend] [           main] org.hibernate.type.BasicTypeRegistry     : Adding type registration org.hibernate.type.OffsetDateTimeType -> basicType@2(java.time.OffsetDateTime,3003)
2025-03-29T19:22:34.680-03:00 DEBUG 90214 --- [backend] [           main] org.hibernate.type.BasicTypeRegistry     : Adding type registration OffsetDateTime -> basicType@2(java.time.OffsetDateTime,3003)
2025-03-29T19:22:34.680-03:00 DEBUG 90214 --- [backend] [           main] org.hibernate.type.BasicTypeRegistry     : Adding type registration java.time.OffsetDateTime -> basicType@2(java.time.OffsetDateTime,3003)
2025-03-29T19:22:34.680-03:00 DEBUG 90214 --- [backend] [           main] org.hibernate.type.BasicTypeRegistry     : Adding type registration org.hibernate.type.ZonedDateTimeType -> basicType@3(java.time.ZonedDateTime,3003)
2025-03-29T19:22:34.680-03:00 DEBUG 90214 --- [backend] [           main] org.hibernate.type.BasicTypeRegistry     : Adding type registration ZonedDateTime -> basicType@3(java.time.ZonedDateTime,3003)
2025-03-29T19:22:34.680-03:00 DEBUG 90214 --- [backend] [           main] org.hibernate.type.BasicTypeRegistry     : Adding type registration java.time.ZonedDateTime -> basicType@3(java.time.ZonedDateTime,3003)
2025-03-29T19:22:34.680-03:00 DEBUG 90214 --- [backend] [           main] org.hibernate.type.BasicTypeRegistry     : Adding type registration org.hibernate.type.OffsetTimeType -> basicType@4(java.time.OffsetTime,3007)
2025-03-29T19:22:34.680-03:00 DEBUG 90214 --- [backend] [           main] org.hibernate.type.BasicTypeRegistry     : Adding type registration OffsetTime -> basicType@4(java.time.OffsetTime,3007)
2025-03-29T19:22:34.680-03:00 DEBUG 90214 --- [backend] [           main] org.hibernate.type.BasicTypeRegistry     : Adding type registration java.time.OffsetTime -> basicType@4(java.time.OffsetTime,3007)
2025-03-29T19:22:34.680-03:00 DEBUG 90214 --- [backend] [           main] o.h.type.spi.TypeConfiguration$Scope     : Scoping TypeConfiguration [org.hibernate.type.spi.TypeConfiguration@1bc6c20d] to MetadataBuildingContext [org.hibernate.boot.internal.MetadataBuildingContextRootImpl@aedc426]
2025-03-29T19:22:34.693-03:00 DEBUG 90214 --- [backend] [           main] o.h.boot.model.relational.Namespace      : Created database namespace [logicalName=Name{catalog=null, schema=null}, physicalName=Name{catalog=null, schema=null}]
2025-03-29T19:22:34.702-03:00 DEBUG 90214 --- [backend] [           main] o.h.boot.model.internal.EntityBinder     : Binding entity from annotated class: com.duoc.backend.Appointment.Appointment
2025-03-29T19:22:34.704-03:00 DEBUG 90214 --- [backend] [           main] o.h.boot.model.internal.EntityBinder     : Import with entity name Appointment
2025-03-29T19:22:34.705-03:00 TRACE 90214 --- [backend] [           main] o.h.b.i.InFlightMetadataCollectorImpl    : Import: Appointment -> com.duoc.backend.Appointment.Appointment
2025-03-29T19:22:34.705-03:00 TRACE 90214 --- [backend] [           main] o.h.b.i.InFlightMetadataCollectorImpl    : Import: com.duoc.backend.Appointment.Appointment -> com.duoc.backend.Appointment.Appointment
2025-03-29T19:22:34.705-03:00 TRACE 90214 --- [backend] [           main] .e.j.e.i.NormalizingIdentifierHelperImpl : Normalizing identifier quoting [Appointment]
2025-03-29T19:22:34.706-03:00 TRACE 90214 --- [backend] [           main] .e.j.e.i.NormalizingIdentifierHelperImpl : Normalizing identifier quoting [Appointment]
2025-03-29T19:22:34.707-03:00 DEBUG 90214 --- [backend] [           main] o.h.boot.model.internal.EntityBinder     : Bind entity com.duoc.backend.Appointment.Appointment on table appointment
2025-03-29T19:22:34.711-03:00 TRACE 90214 --- [backend] [           main] .e.j.e.i.NormalizingIdentifierHelperImpl : Normalizing identifier quoting [DTYPE]
2025-03-29T19:22:34.711-03:00 DEBUG 90214 --- [backend] [           main] o.h.boot.model.internal.AnnotatedColumn  : Binding column: AnnotatedDiscriminatorColumn(column='DTYPE')
2025-03-29T19:22:34.714-03:00 TRACE 90214 --- [backend] [           main] o.h.boot.model.internal.PropertyBinder   : Processing annotations of com.duoc.backend.Appointment.Appointment.id
2025-03-29T19:22:34.715-03:00 TRACE 90214 --- [backend] [           main] .e.j.e.i.NormalizingIdentifierHelperImpl : Normalizing identifier quoting [id]
2025-03-29T19:22:34.715-03:00 TRACE 90214 --- [backend] [           main] .e.j.e.i.NormalizingIdentifierHelperImpl : Normalizing identifier quoting [id]
2025-03-29T19:22:34.716-03:00 DEBUG 90214 --- [backend] [           main] o.h.boot.model.internal.AnnotatedColumn  : Binding column: AnnotatedColumn()
2025-03-29T19:22:34.716-03:00 DEBUG 90214 --- [backend] [           main] o.h.boot.internal.ClassLoaderAccessImpl  : Not known whether passed class name [com.duoc.backend.Appointment.Appointment] is safe
2025-03-29T19:22:34.716-03:00 DEBUG 90214 --- [backend] [           main] o.h.boot.internal.ClassLoaderAccessImpl  : No temp ClassLoader provided; using live ClassLoader for loading potentially unsafe class : com.duoc.backend.Appointment.Appointment
2025-03-29T19:22:34.717-03:00 DEBUG 90214 --- [backend] [           main] o.h.boot.model.internal.PropertyBinder   : MetadataSourceProcessor property id with lazy=false
2025-03-29T19:22:34.718-03:00 DEBUG 90214 --- [backend] [           main] o.h.b.m.internal.AbstractPropertyHolder  : Attempting to locate auto-apply AttributeConverter for property [com.duoc.backend.Appointment.Appointment:id]
2025-03-29T19:22:34.719-03:00 DEBUG 90214 --- [backend] [           main] o.h.b.model.internal.BasicValueBinder    : building BasicValue for id
2025-03-29T19:22:34.720-03:00 DEBUG 90214 --- [backend] [           main] org.hibernate.mapping.BasicValue         : Skipping column re-registration: appointment.id
2025-03-29T19:22:34.721-03:00 TRACE 90214 --- [backend] [           main] .e.j.e.i.NormalizingIdentifierHelperImpl : Normalizing identifier quoting [id]
2025-03-29T19:22:34.721-03:00 TRACE 90214 --- [backend] [           main] .e.j.e.i.NormalizingIdentifierHelperImpl : Normalizing identifier quoting [id]
2025-03-29T19:22:34.721-03:00 TRACE 90214 --- [backend] [           main] .e.j.e.i.NormalizingIdentifierHelperImpl : Normalizing identifier quoting [id]
2025-03-29T19:22:34.721-03:00 DEBUG 90214 --- [backend] [           main] o.h.boot.model.internal.PropertyBinder   : Building property id
2025-03-29T19:22:34.721-03:00 TRACE 90214 --- [backend] [           main] o.h.boot.model.internal.PropertyBinder   : Cascading id with null
2025-03-29T19:22:34.722-03:00 DEBUG 90214 --- [backend] [           main] o.h.boot.model.internal.BinderHelper     : #makeIdGenerator(BasicValue([Column(id)]), id, org.hibernate.id.enhanced.SequenceStyleGenerator, , ...)
2025-03-29T19:22:34.722-03:00 TRACE 90214 --- [backend] [           main] o.h.boot.model.internal.PropertyBinder   : Bind @Id on id
2025-03-29T19:22:34.722-03:00 TRACE 90214 --- [backend] [           main] o.h.boot.model.internal.PropertyBinder   : Processing annotations of com.duoc.backend.Appointment.Appointment.date
2025-03-29T19:22:34.723-03:00 TRACE 90214 --- [backend] [           main] .e.j.e.i.NormalizingIdentifierHelperImpl : Normalizing identifier quoting [date]
2025-03-29T19:22:34.723-03:00 TRACE 90214 --- [backend] [           main] .e.j.e.i.NormalizingIdentifierHelperImpl : Normalizing identifier quoting [date]
2025-03-29T19:22:34.723-03:00 DEBUG 90214 --- [backend] [           main] o.h.boot.model.internal.AnnotatedColumn  : Binding column: AnnotatedColumn()
2025-03-29T19:22:34.723-03:00 DEBUG 90214 --- [backend] [           main] o.h.boot.model.internal.PropertyBinder   : MetadataSourceProcessor property date with lazy=false
2025-03-29T19:22:34.723-03:00 DEBUG 90214 --- [backend] [           main] o.h.b.m.internal.AbstractPropertyHolder  : Attempting to locate auto-apply AttributeConverter for property [com.duoc.backend.Appointment.Appointment:date]
2025-03-29T19:22:34.723-03:00 DEBUG 90214 --- [backend] [           main] o.h.b.model.internal.BasicValueBinder    : building BasicValue for date
2025-03-29T19:22:34.723-03:00 DEBUG 90214 --- [backend] [           main] org.hibernate.mapping.BasicValue         : Skipping column re-registration: appointment.date
2025-03-29T19:22:34.723-03:00 TRACE 90214 --- [backend] [           main] .e.j.e.i.NormalizingIdentifierHelperImpl : Normalizing identifier quoting [date]
2025-03-29T19:22:34.723-03:00 TRACE 90214 --- [backend] [           main] .e.j.e.i.NormalizingIdentifierHelperImpl : Normalizing identifier quoting [date]
2025-03-29T19:22:34.723-03:00 TRACE 90214 --- [backend] [           main] .e.j.e.i.NormalizingIdentifierHelperImpl : Normalizing identifier quoting [date]
2025-03-29T19:22:34.723-03:00 DEBUG 90214 --- [backend] [           main] o.h.boot.model.internal.PropertyBinder   : Building property date
2025-03-29T19:22:34.723-03:00 TRACE 90214 --- [backend] [           main] o.h.boot.model.internal.PropertyBinder   : Cascading date with null
2025-03-29T19:22:34.723-03:00 TRACE 90214 --- [backend] [           main] o.h.boot.model.internal.PropertyBinder   : Processing annotations of com.duoc.backend.Appointment.Appointment.reason
2025-03-29T19:22:34.723-03:00 TRACE 90214 --- [backend] [           main] .e.j.e.i.NormalizingIdentifierHelperImpl : Normalizing identifier quoting [reason]
2025-03-29T19:22:34.723-03:00 TRACE 90214 --- [backend] [           main] .e.j.e.i.NormalizingIdentifierHelperImpl : Normalizing identifier quoting [reason]
2025-03-29T19:22:34.723-03:00 DEBUG 90214 --- [backend] [           main] o.h.boot.model.internal.AnnotatedColumn  : Binding column: AnnotatedColumn()
2025-03-29T19:22:34.723-03:00 DEBUG 90214 --- [backend] [           main] o.h.boot.model.internal.PropertyBinder   : MetadataSourceProcessor property reason with lazy=false
2025-03-29T19:22:34.723-03:00 DEBUG 90214 --- [backend] [           main] o.h.b.m.internal.AbstractPropertyHolder  : Attempting to locate auto-apply AttributeConverter for property [com.duoc.backend.Appointment.Appointment:reason]
2025-03-29T19:22:34.723-03:00 DEBUG 90214 --- [backend] [           main] o.h.b.model.internal.BasicValueBinder    : building BasicValue for reason
2025-03-29T19:22:34.723-03:00 DEBUG 90214 --- [backend] [           main] org.hibernate.mapping.BasicValue         : Skipping column re-registration: appointment.reason
2025-03-29T19:22:34.723-03:00 TRACE 90214 --- [backend] [           main] .e.j.e.i.NormalizingIdentifierHelperImpl : Normalizing identifier quoting [reason]
2025-03-29T19:22:34.723-03:00 TRACE 90214 --- [backend] [           main] .e.j.e.i.NormalizingIdentifierHelperImpl : Normalizing identifier quoting [reason]
2025-03-29T19:22:34.723-03:00 TRACE 90214 --- [backend] [           main] .e.j.e.i.NormalizingIdentifierHelperImpl : Normalizing identifier quoting [reason]
2025-03-29T19:22:34.723-03:00 DEBUG 90214 --- [backend] [           main] o.h.boot.model.internal.PropertyBinder   : Building property reason
2025-03-29T19:22:34.723-03:00 TRACE 90214 --- [backend] [           main] o.h.boot.model.internal.PropertyBinder   : Cascading reason with null
2025-03-29T19:22:34.723-03:00 TRACE 90214 --- [backend] [           main] o.h.boot.model.internal.PropertyBinder   : Processing annotations of com.duoc.backend.Appointment.Appointment.time
2025-03-29T19:22:34.724-03:00 TRACE 90214 --- [backend] [           main] .e.j.e.i.NormalizingIdentifierHelperImpl : Normalizing identifier quoting [time]
2025-03-29T19:22:34.724-03:00 TRACE 90214 --- [backend] [           main] .e.j.e.i.NormalizingIdentifierHelperImpl : Normalizing identifier quoting [time]
2025-03-29T19:22:34.724-03:00 DEBUG 90214 --- [backend] [           main] o.h.boot.model.internal.AnnotatedColumn  : Binding column: AnnotatedColumn()
2025-03-29T19:22:34.724-03:00 DEBUG 90214 --- [backend] [           main] o.h.boot.model.internal.PropertyBinder   : MetadataSourceProcessor property time with lazy=false
2025-03-29T19:22:34.724-03:00 DEBUG 90214 --- [backend] [           main] o.h.b.m.internal.AbstractPropertyHolder  : Attempting to locate auto-apply AttributeConverter for property [com.duoc.backend.Appointment.Appointment:time]
2025-03-29T19:22:34.724-03:00 DEBUG 90214 --- [backend] [           main] o.h.b.model.internal.BasicValueBinder    : building BasicValue for time
2025-03-29T19:22:34.724-03:00 DEBUG 90214 --- [backend] [           main] org.hibernate.mapping.BasicValue         : Skipping column re-registration: appointment.time
2025-03-29T19:22:34.724-03:00 TRACE 90214 --- [backend] [           main] .e.j.e.i.NormalizingIdentifierHelperImpl : Normalizing identifier quoting [time]
2025-03-29T19:22:34.724-03:00 TRACE 90214 --- [backend] [           main] .e.j.e.i.NormalizingIdentifierHelperImpl : Normalizing identifier quoting [time]
2025-03-29T19:22:34.724-03:00 TRACE 90214 --- [backend] [           main] .e.j.e.i.NormalizingIdentifierHelperImpl : Normalizing identifier quoting [time]
2025-03-29T19:22:34.724-03:00 DEBUG 90214 --- [backend] [           main] o.h.boot.model.internal.PropertyBinder   : Building property time
2025-03-29T19:22:34.724-03:00 TRACE 90214 --- [backend] [           main] o.h.boot.model.internal.PropertyBinder   : Cascading time with null
2025-03-29T19:22:34.724-03:00 TRACE 90214 --- [backend] [           main] o.h.boot.model.internal.PropertyBinder   : Processing annotations of com.duoc.backend.Appointment.Appointment.veterinarian
2025-03-29T19:22:34.724-03:00 TRACE 90214 --- [backend] [           main] .e.j.e.i.NormalizingIdentifierHelperImpl : Normalizing identifier quoting [veterinarian]
2025-03-29T19:22:34.724-03:00 TRACE 90214 --- [backend] [           main] .e.j.e.i.NormalizingIdentifierHelperImpl : Normalizing identifier quoting [veterinarian]
2025-03-29T19:22:34.724-03:00 DEBUG 90214 --- [backend] [           main] o.h.boot.model.internal.AnnotatedColumn  : Binding column: AnnotatedColumn()
2025-03-29T19:22:34.724-03:00 DEBUG 90214 --- [backend] [           main] o.h.boot.model.internal.PropertyBinder   : MetadataSourceProcessor property veterinarian with lazy=false
2025-03-29T19:22:34.724-03:00 DEBUG 90214 --- [backend] [           main] o.h.b.m.internal.AbstractPropertyHolder  : Attempting to locate auto-apply AttributeConverter for property [com.duoc.backend.Appointment.Appointment:veterinarian]
2025-03-29T19:22:34.724-03:00 DEBUG 90214 --- [backend] [           main] o.h.b.model.internal.BasicValueBinder    : building BasicValue for veterinarian
2025-03-29T19:22:34.724-03:00 DEBUG 90214 --- [backend] [           main] org.hibernate.mapping.BasicValue         : Skipping column re-registration: appointment.veterinarian
2025-03-29T19:22:34.724-03:00 TRACE 90214 --- [backend] [           main] .e.j.e.i.NormalizingIdentifierHelperImpl : Normalizing identifier quoting [veterinarian]
2025-03-29T19:22:34.724-03:00 TRACE 90214 --- [backend] [           main] .e.j.e.i.NormalizingIdentifierHelperImpl : Normalizing identifier quoting [veterinarian]
2025-03-29T19:22:34.724-03:00 TRACE 90214 --- [backend] [           main] .e.j.e.i.NormalizingIdentifierHelperImpl : Normalizing identifier quoting [veterinarian]
2025-03-29T19:22:34.724-03:00 DEBUG 90214 --- [backend] [           main] o.h.boot.model.internal.PropertyBinder   : Building property veterinarian
2025-03-29T19:22:34.724-03:00 TRACE 90214 --- [backend] [           main] o.h.boot.model.internal.PropertyBinder   : Cascading veterinarian with null
2025-03-29T19:22:34.725-03:00 DEBUG 90214 --- [backend] [           main] o.h.b.r.c.i.ClassLoaderServiceImpl       : HHH000194: Package not found or no package-info.java: com.duoc.backend.Appointment
2025-03-29T19:22:34.726-03:00 DEBUG 90214 --- [backend] [           main] o.h.boot.model.internal.EntityBinder     : Binding entity from annotated class: com.duoc.backend.Care.Care
2025-03-29T19:22:34.726-03:00 DEBUG 90214 --- [backend] [           main] o.h.boot.model.internal.EntityBinder     : Import with entity name Care
2025-03-29T19:22:34.726-03:00 TRACE 90214 --- [backend] [           main] o.h.b.i.InFlightMetadataCollectorImpl    : Import: Care -> com.duoc.backend.Care.Care
2025-03-29T19:22:34.726-03:00 TRACE 90214 --- [backend] [           main] o.h.b.i.InFlightMetadataCollectorImpl    : Import: com.duoc.backend.Care.Care -> com.duoc.backend.Care.Care
[...]
	at org.springframework.test.context.junit.jupiter.SpringExtension.postProcessTestInstance(SpringExtension.java:160) ~[spring-test-6.2.5.jar:6.2.5]
	at org.junit.jupiter.engine.descriptor.ClassBasedTestDescriptor.lambda$invokeTestInstancePostProcessors$11(ClassBasedTestDescriptor.java:378) ~[junit-jupiter-engine-5.11.4.jar:5.11.4]
	at org.junit.jupiter.engine.descriptor.ClassBasedTestDescriptor.executeAndMaskThrowable(ClassBasedTestDescriptor.java:383) ~[junit-jupiter-engine-5.11.4.jar:5.11.4]
	at org.junit.jupiter.engine.descriptor.ClassBasedTestDescriptor.lambda$invokeTestInstancePostProcessors$12(ClassBasedTestDescriptor.java:378) ~[junit-jupiter-engine-5.11.4.jar:5.11.4]
	at java.base/java.util.stream.ForEachOps$ForEachOp$OfRef.accept(ForEachOps.java:184) ~[na:na]
	at java.base/java.util.stream.ReferencePipeline$3$1.accept(ReferencePipeline.java:197) ~[na:na]
	at java.base/java.util.stream.ReferencePipeline$2$1.accept(ReferencePipeline.java:179) ~[na:na]
	at java.base/java.util.stream.ReferencePipeline$3$1.accept(ReferencePipeline.java:197) ~[na:na]
	at java.base/java.util.ArrayList$ArrayListSpliterator.forEachRemaining(ArrayList.java:1708) ~[na:na]
	at java.base/java.util.stream.AbstractPipeline.copyInto(AbstractPipeline.java:509) ~[na:na]
	at java.base/java.util.stream.AbstractPipeline.wrapAndCopyInto(AbstractPipeline.java:499) ~[na:na]
	at java.base/java.util.stream.ForEachOps$ForEachOp.evaluateSequential(ForEachOps.java:151) ~[na:na]
	at java.base/java.util.stream.ForEachOps$ForEachOp$OfRef.evaluateSequential(ForEachOps.java:174) ~[na:na]
	at java.base/java.util.stream.AbstractPipeline.evaluate(AbstractPipeline.java:234) ~[na:na]
	at java.base/java.util.stream.ReferencePipeline.forEach(ReferencePipeline.java:596) ~[na:na]
	at org.junit.jupiter.engine.descriptor.ClassBasedTestDescriptor.invokeTestInstancePostProcessors(ClassBasedTestDescriptor.java:377) ~[junit-jupiter-engine-5.11.4.jar:5.11.4]
	at org.junit.jupiter.engine.descriptor.ClassBasedTestDescriptor.lambda$instantiateAndPostProcessTestInstance$7(ClassBasedTestDescriptor.java:290) ~[junit-jupiter-engine-5.11.4.jar:5.11.4]
	at org.junit.platform.engine.support.hierarchical.ThrowableCollector.execute(ThrowableCollector.java:73) ~[junit-platform-engine-1.11.4.jar:1.11.4]
	at org.junit.jupiter.engine.descriptor.ClassBasedTestDescriptor.instantiateAndPostProcessTestInstance(ClassBasedTestDescriptor.java:289) ~[junit-jupiter-engine-5.11.4.jar:5.11.4]
	at org.junit.jupiter.engine.descriptor.ClassBasedTestDescriptor.lambda$testInstancesProvider$5(ClassBasedTestDescriptor.java:279) ~[junit-jupiter-engine-5.11.4.jar:5.11.4]
	at java.base/java.util.Optional.orElseGet(Optional.java:364) ~[na:na]
	at org.junit.jupiter.engine.descriptor.ClassBasedTestDescriptor.lambda$testInstancesProvider$6(ClassBasedTestDescriptor.java:278) ~[junit-jupiter-engine-5.11.4.jar:5.11.4]
	at org.junit.jupiter.engine.execution.TestInstancesProvider.getTestInstances(TestInstancesProvider.java:31) ~[junit-jupiter-engine-5.11.4.jar:5.11.4]
	at org.junit.jupiter.engine.descriptor.TestMethodTestDescriptor.lambda$prepare$1(TestMethodTestDescriptor.java:105) ~[junit-jupiter-engine-5.11.4.jar:5.11.4]
	at org.junit.platform.engine.support.hierarchical.ThrowableCollector.execute(ThrowableCollector.java:73) ~[junit-platform-engine-1.11.4.jar:1.11.4]
	at org.junit.jupiter.engine.descriptor.TestMethodTestDescriptor.prepare(TestMethodTestDescriptor.java:104) ~[junit-jupiter-engine-5.11.4.jar:5.11.4]
	at org.junit.jupiter.engine.descriptor.TestMethodTestDescriptor.prepare(TestMethodTestDescriptor.java:68) ~[junit-jupiter-engine-5.11.4.jar:5.11.4]
	at org.junit.platform.engine.support.hierarchical.NodeTestTask.lambda$prepare$2(NodeTestTask.java:128) ~[junit-platform-engine-1.11.4.jar:1.11.4]
	at org.junit.platform.engine.support.hierarchical.ThrowableCollector.execute(ThrowableCollector.java:73) ~[junit-platform-engine-1.11.4.jar:1.11.4]
	at org.junit.platform.engine.support.hierarchical.NodeTestTask.prepare(NodeTestTask.java:128) ~[junit-platform-engine-1.11.4.jar:1.11.4]
	at org.junit.platform.engine.support.hierarchical.NodeTestTask.execute(NodeTestTask.java:95) ~[junit-platform-engine-1.11.4.jar:1.11.4]
	at java.base/java.util.ArrayList.forEach(ArrayList.java:1596) ~[na:na]
	at org.junit.platform.engine.support.hierarchical.SameThreadHierarchicalTestExecutorService.invokeAll(SameThreadHierarchicalTestExecutorService.java:41) ~[junit-platform-engine-1.11.4.jar:1.11.4]
	at org.junit.platform.engine.support.hierarchical.NodeTestTask.lambda$executeRecursively$6(NodeTestTask.java:160) ~[junit-platform-engine-1.11.4.jar:1.11.4]
	at org.junit.platform.engine.support.hierarchical.ThrowableCollector.execute(ThrowableCollector.java:73) ~[junit-platform-engine-1.11.4.jar:1.11.4]
	at org.junit.platform.engine.support.hierarchical.NodeTestTask.lambda$executeRecursively$8(NodeTestTask.java:146) ~[junit-platform-engine-1.11.4.jar:1.11.4]
	at org.junit.platform.engine.support.hierarchical.Node.around(Node.java:137) ~[junit-platform-engine-1.11.4.jar:1.11.4]
	at org.junit.platform.engine.support.hierarchical.NodeTestTask.lambda$executeRecursively$9(NodeTestTask.java:144) ~[junit-platform-engine-1.11.4.jar:1.11.4]
	at org.junit.platform.engine.support.hierarchical.ThrowableCollector.execute(ThrowableCollector.java:73) ~[junit-platform-engine-1.11.4.jar:1.11.4]
	at org.junit.platform.engine.support.hierarchical.NodeTestTask.executeRecursively(NodeTestTask.java:143) ~[junit-platform-engine-1.11.4.jar:1.11.4]
	at org.junit.platform.engine.support.hierarchical.NodeTestTask.execute(NodeTestTask.java:100) ~[junit-platform-engine-1.11.4.jar:1.11.4]
	at java.base/java.util.ArrayList.forEach(ArrayList.java:1596) ~[na:na]
	at org.junit.platform.engine.support.hierarchical.SameThreadHierarchicalTestExecutorService.invokeAll(SameThreadHierarchicalTestExecutorService.java:41) ~[junit-platform-engine-1.11.4.jar:1.11.4]
	at org.junit.platform.engine.support.hierarchical.NodeTestTask.lambda$executeRecursively$6(NodeTestTask.java:160) ~[junit-platform-engine-1.11.4.jar:1.11.4]
	at org.junit.platform.engine.support.hierarchical.ThrowableCollector.execute(ThrowableCollector.java:73) ~[junit-platform-engine-1.11.4.jar:1.11.4]
	at org.junit.platform.engine.support.hierarchical.NodeTestTask.lambda$executeRecursively$8(NodeTestTask.java:146) ~[junit-platform-engine-1.11.4.jar:1.11.4]
	at org.junit.platform.engine.support.hierarchical.Node.around(Node.java:137) ~[junit-platform-engine-1.11.4.jar:1.11.4]
	at org.junit.platform.engine.support.hierarchical.NodeTestTask.lambda$executeRecursively$9(NodeTestTask.java:144) ~[junit-platform-engine-1.11.4.jar:1.11.4]
	at org.junit.platform.engine.support.hierarchical.ThrowableCollector.execute(ThrowableCollector.java:73) ~[junit-platform-engine-1.11.4.jar:1.11.4]
	at org.junit.platform.engine.support.hierarchical.NodeTestTask.executeRecursively(NodeTestTask.java:143) ~[junit-platform-engine-1.11.4.jar:1.11.4]
	at org.junit.platform.engine.support.hierarchical.NodeTestTask.execute(NodeTestTask.java:100) ~[junit-platform-engine-1.11.4.jar:1.11.4]
	at org.junit.platform.engine.support.hierarchical.SameThreadHierarchicalTestExecutorService.submit(SameThreadHierarchicalTestExecutorService.java:35) ~[junit-platform-engine-1.11.4.jar:1.11.4]
	at org.junit.platform.engine.support.hierarchical.HierarchicalTestExecutor.execute(HierarchicalTestExecutor.java:57) ~[junit-platform-engine-1.11.4.jar:1.11.4]
	at org.junit.platform.engine.support.hierarchical.HierarchicalTestEngine.execute(HierarchicalTestEngine.java:54) ~[junit-platform-engine-1.11.4.jar:1.11.4]
	at org.junit.platform.launcher.core.EngineExecutionOrchestrator.execute(EngineExecutionOrchestrator.java:198) ~[junit-platform-launcher-1.11.4.jar:1.11.4]
	at org.junit.platform.launcher.core.EngineExecutionOrchestrator.execute(EngineExecutionOrchestrator.java:169) ~[junit-platform-launcher-1.11.4.jar:1.11.4]
	at org.junit.platform.launcher.core.EngineExecutionOrchestrator.execute(EngineExecutionOrchestrator.java:93) ~[junit-platform-launcher-1.11.4.jar:1.11.4]
	at org.junit.platform.launcher.core.EngineExecutionOrchestrator.lambda$execute$0(EngineExecutionOrchestrator.java:58) ~[junit-platform-launcher-1.11.4.jar:1.11.4]
	at org.junit.platform.launcher.core.EngineExecutionOrchestrator.withInterceptedStreams(EngineExecutionOrchestrator.java:141) ~[junit-platform-launcher-1.11.4.jar:1.11.4]
	at org.junit.platform.launcher.core.EngineExecutionOrchestrator.execute(EngineExecutionOrchestrator.java:57) ~[junit-platform-launcher-1.11.4.jar:1.11.4]
	at org.junit.platform.launcher.core.DefaultLauncher.execute(DefaultLauncher.java:103) ~[junit-platform-launcher-1.11.4.jar:1.11.4]
	at org.junit.platform.launcher.core.DefaultLauncher.execute(DefaultLauncher.java:85) ~[junit-platform-launcher-1.11.4.jar:1.11.4]
	at org.junit.platform.launcher.core.DelegatingLauncher.execute(DelegatingLauncher.java:47) ~[junit-platform-launcher-1.11.4.jar:1.11.4]
	at org.apache.maven.surefire.junitplatform.LazyLauncher.execute(LazyLauncher.java:56) ~[surefire-junit-platform-3.5.2.jar:3.5.2]
	at org.apache.maven.surefire.junitplatform.JUnitPlatformProvider.execute(JUnitPlatformProvider.java:184) ~[surefire-junit-platform-3.5.2.jar:3.5.2]
	at org.apache.maven.surefire.junitplatform.JUnitPlatformProvider.invokeAllTests(JUnitPlatformProvider.java:148) ~[surefire-junit-platform-3.5.2.jar:3.5.2]
	at org.apache.maven.surefire.junitplatform.JUnitPlatformProvider.invoke(JUnitPlatformProvider.java:122) ~[surefire-junit-platform-3.5.2.jar:3.5.2]
	at org.apache.maven.surefire.booter.ForkedBooter.runSuitesInProcess(ForkedBooter.java:385) ~[surefire-booter-3.5.2.jar:3.5.2]
	at org.apache.maven.surefire.booter.ForkedBooter.execute(ForkedBooter.java:162) ~[surefire-booter-3.5.2.jar:3.5.2]
	at org.apache.maven.surefire.booter.ForkedBooter.run(ForkedBooter.java:507) ~[surefire-booter-3.5.2.jar:3.5.2]
	at org.apache.maven.surefire.booter.ForkedBooter.main(ForkedBooter.java:495) ~[surefire-booter-3.5.2.jar:3.5.2]

2025-03-29T19:22:35.446-03:00 TRACE 90214 --- [backend] [           main] org.hibernate.internal.SessionImpl       : Closing session [56e4835a-2f27-43ae-9082-de55166752ec]
2025-03-29T19:22:35.446-03:00 TRACE 90214 --- [backend] [           main] o.h.e.jdbc.internal.JdbcCoordinatorImpl  : Closing JDBC container [org.hibernate.engine.jdbc.internal.JdbcCoordinatorImpl@703947bd]
2025-03-29T19:22:35.446-03:00 TRACE 90214 --- [backend] [           main] o.h.r.j.i.ResourceRegistryStandardImpl   : Releasing JDBC resources
2025-03-29T19:22:35.446-03:00 TRACE 90214 --- [backend] [           main] o.h.r.j.i.LogicalConnectionManagedImpl   : Closing logical connection
2025-03-29T19:22:35.446-03:00 TRACE 90214 --- [backend] [           main] o.h.r.j.i.LogicalConnectionManagedImpl   : Logical connection closed
2025-03-29T19:22:35.447-03:00 TRACE 90214 --- [backend] [           main] .i.SessionFactoryImpl$SessionBuilderImpl : Opening Hibernate Session.  tenant=null
2025-03-29T19:22:35.447-03:00 TRACE 90214 --- [backend] [           main] org.hibernate.internal.SessionImpl       : Opened Session [19a4c9f9-db75-439b-89fe-a2ce8352f793] at timestamp: 1743286955447
2025-03-29T19:22:35.447-03:00 TRACE 90214 --- [backend] [           main] org.hibernate.internal.SessionImpl       : Closing session [19a4c9f9-db75-439b-89fe-a2ce8352f793]
2025-03-29T19:22:35.447-03:00 TRACE 90214 --- [backend] [           main] o.h.e.jdbc.internal.JdbcCoordinatorImpl  : Closing JDBC container [org.hibernate.engine.jdbc.internal.JdbcCoordinatorImpl@3b62c51e]
2025-03-29T19:22:35.447-03:00 TRACE 90214 --- [backend] [           main] o.h.r.j.i.ResourceRegistryStandardImpl   : Releasing JDBC resources
2025-03-29T19:22:35.447-03:00 TRACE 90214 --- [backend] [           main] o.h.r.j.i.LogicalConnectionManagedImpl   : Closing logical connection
2025-03-29T19:22:35.447-03:00 TRACE 90214 --- [backend] [           main] o.h.r.j.i.LogicalConnectionManagedImpl   : Logical connection closed
2025-03-29T19:22:35.482-03:00 TRACE 90214 --- [backend] [           main] .i.SessionFactoryImpl$SessionBuilderImpl : Opening Hibernate Session.  tenant=null
2025-03-29T19:22:35.482-03:00 TRACE 90214 --- [backend] [           main] org.hibernate.internal.SessionImpl       : Opened Session [ae8a845b-011e-4182-a168-7d57fad78989] at timestamp: 1743286955482
2025-03-29T19:22:35.482-03:00 TRACE 90214 --- [backend] [           main] org.hibernate.internal.SessionImpl       : Closing session [ae8a845b-011e-4182-a168-7d57fad78989]
2025-03-29T19:22:35.482-03:00 TRACE 90214 --- [backend] [           main] o.h.e.jdbc.internal.JdbcCoordinatorImpl  : Closing JDBC container [org.hibernate.engine.jdbc.internal.JdbcCoordinatorImpl@662b199]
2025-03-29T19:22:35.482-03:00 TRACE 90214 --- [backend] [           main] o.h.r.j.i.ResourceRegistryStandardImpl   : Releasing JDBC resources
2025-03-29T19:22:35.482-03:00 TRACE 90214 --- [backend] [           main] o.h.r.j.i.LogicalConnectionManagedImpl   : Closing logical connection
2025-03-29T19:22:35.482-03:00 TRACE 90214 --- [backend] [           main] o.h.r.j.i.LogicalConnectionManagedImpl   : Logical connection closed
2025-03-29T19:22:35.485-03:00 TRACE 90214 --- [backend] [           main] .i.SessionFactoryImpl$SessionBuilderImpl : Opening Hibernate Session.  tenant=null
2025-03-29T19:22:35.486-03:00 TRACE 90214 --- [backend] [           main] org.hibernate.internal.SessionImpl       : Opened Session [01426c42-3792-44cb-98d9-a039160177ac] at timestamp: 1743286955486
2025-03-29T19:22:35.486-03:00 TRACE 90214 --- [backend] [           main] org.hibernate.internal.SessionImpl       : Closing session [01426c42-3792-44cb-98d9-a039160177ac]
2025-03-29T19:22:35.486-03:00 TRACE 90214 --- [backend] [           main] o.h.e.jdbc.internal.JdbcCoordinatorImpl  : Closing JDBC container [org.hibernate.engine.jdbc.internal.JdbcCoordinatorImpl@75d61b62]
2025-03-29T19:22:35.486-03:00 TRACE 90214 --- [backend] [           main] o.h.r.j.i.ResourceRegistryStandardImpl   : Releasing JDBC resources
2025-03-29T19:22:35.486-03:00 TRACE 90214 --- [backend] [           main] o.h.r.j.i.LogicalConnectionManagedImpl   : Closing logical connection
2025-03-29T19:22:35.486-03:00 TRACE 90214 --- [backend] [           main] o.h.r.j.i.LogicalConnectionManagedImpl   : Logical connection closed
2025-03-29T19:22:35.512-03:00  WARN 90214 --- [backend] [           main] JpaBaseConfiguration$JpaWebConfiguration : spring.jpa.open-in-view is enabled by default. Therefore, database queries may be performed during view rendering. Explicitly configure spring.jpa.open-in-view to disable this warning
2025-03-29T19:22:35.522-03:00  INFO 90214 --- [backend] [           main] r$InitializeUserDetailsManagerConfigurer : Global AuthenticationManager configured with UserDetailsService bean with name myUserDetailsService
2025-03-29T19:22:35.572-03:00 TRACE 90214 --- [backend] [           main] s.w.s.m.m.a.RequestMappingHandlerMapping : 
	c.d.b.A.AppointmentController:
	{GET [/appointment]}: getAllAppointments()
	{GET [/appointment/{id}]}: getAppointmentById(Long)
	{POST [/appointment]}: saveAppointment(Appointment)
	{DELETE [/appointment/{id}]}: deleteAppointment(Long)
2025-03-29T19:22:35.574-03:00 TRACE 90214 --- [backend] [           main] s.w.s.m.m.a.RequestMappingHandlerMapping : 
	c.d.b.C.CareController:
	{GET [/care]}: getAllCares()
	{GET [/care/{id}]}: getCareById(Long)
	{POST [/care]}: saveCare(Care)
	{DELETE [/care/{id}]}: deleteCare(Long)
2025-03-29T19:22:35.574-03:00 TRACE 90214 --- [backend] [           main] s.w.s.m.m.a.RequestMappingHandlerMapping : 
	c.d.b.I.InvoiceController:
	{GET [/invoice]}: getAllInvoices()
	{GET [/invoice/{id}]}: getInvoiceById(Long)
	{POST [/invoice]}: saveInvoice(Invoice)
	{DELETE [/invoice/{id}]}: deleteInvoice(Long)
2025-03-29T19:22:35.575-03:00 TRACE 90214 --- [backend] [           main] s.w.s.m.m.a.RequestMappingHandlerMapping : 
	c.d.b.LoginController:
	{POST [/login]}: login(String,String)
2025-03-29T19:22:35.575-03:00 TRACE 90214 --- [backend] [           main] s.w.s.m.m.a.RequestMappingHandlerMapping : 
	c.d.b.M.MedicationController:
	{GET [/medication]}: getAllMedications()
	{GET [/medication/{id}]}: getMedicationById(Long)
	{DELETE [/medication/{id}]}: deleteMedication(Long)
	{POST [/medication]}: saveMedication(Medication)
2025-03-29T19:22:35.576-03:00 TRACE 90214 --- [backend] [           main] s.w.s.m.m.a.RequestMappingHandlerMapping : 
	c.d.b.P.PatientController:
	{GET [/patient]}: getAllPatients()
	{GET [/patient/{id}]}: getPatientById(Long)
	{POST [/patient]}: savePatient(Patient)
	{DELETE [/patient/{id}]}: deletePatient(Long)
	{GET [/patient/register]}: greetings(String)
2025-03-29T19:22:35.576-03:00 TRACE 90214 --- [backend] [           main] s.w.s.m.m.a.RequestMappingHandlerMapping : 
	c.d.b.SecuredController:
	{ [/greetings]}: greetings(String)
2025-03-29T19:22:35.579-03:00 TRACE 90214 --- [backend] [           main] s.w.s.m.m.a.RequestMappingHandlerMapping : 
	o.s.b.a.w.s.e.BasicErrorController:
	{ [/error]}: error(HttpServletRequest)
	{ [/error], produces [text/html]}: errorHtml(HttpServletRequest,HttpServletResponse)
2025-03-29T19:22:35.580-03:00 DEBUG 90214 --- [backend] [           main] s.w.s.m.m.a.RequestMappingHandlerMapping : 25 mappings in 'requestMappingHandlerMapping'
2025-03-29T19:22:35.583-03:00 DEBUG 90214 --- [backend] [           main] o.s.w.s.h.BeanNameUrlHandlerMapping      : Detected 0 mappings in 'beanNameHandlerMapping'
2025-03-29T19:22:35.625-03:00 TRACE 90214 --- [backend] [           main] o.s.w.s.f.support.RouterFunctionMapping  : 0 RouterFunction(s) in 'routerFunctionMapping'
2025-03-29T19:22:35.632-03:00 TRACE 90214 --- [backend] [           main] o.s.w.s.handler.SimpleUrlHandlerMapping  : Mapped [/webjars/**] onto ResourceHttpRequestHandler [classpath [META-INF/resources/webjars/]]
2025-03-29T19:22:35.632-03:00 TRACE 90214 --- [backend] [           main] o.s.w.s.handler.SimpleUrlHandlerMapping  : Mapped [/**] onto ResourceHttpRequestHandler [classpath [META-INF/resources/], classpath [resources/], classpath [static/], classpath [public/], ServletContext [/]]
2025-03-29T19:22:35.633-03:00 DEBUG 90214 --- [backend] [           main] o.s.w.s.handler.SimpleUrlHandlerMapping  : Patterns [/webjars/**, /**] in 'resourceHandlerMapping'
2025-03-29T19:22:35.709-03:00 DEBUG 90214 --- [backend] [           main] s.w.s.m.m.a.RequestMappingHandlerAdapter : ControllerAdvice beans: 0 @ModelAttribute, 0 @InitBinder, 1 RequestBodyAdvice, 1 ResponseBodyAdvice
2025-03-29T19:22:35.728-03:00 DEBUG 90214 --- [backend] [           main] .m.m.a.ExceptionHandlerExceptionResolver : ControllerAdvice beans: 0 @ExceptionHandler, 1 ResponseBodyAdvice
2025-03-29T19:22:35.760-03:00 TRACE 90214 --- [backend] [           main] o.s.w.c.s.GenericWebApplicationContext   : Using LifecycleProcessor [org.springframework.context.support.DefaultLifecycleProcessor@6c7bc8ac]
2025-03-29T19:22:35.765-03:00  INFO 90214 --- [backend] [           main] c.duoc.backend.BackendApplicationTests   : Started BackendApplicationTests in 2.184 seconds (process running for 2.59)
]]></system-out>
    <system-err><![CDATA[Mockito is currently self-attaching to enable the inline-mock-maker. This will no longer work in future releases of the JDK. Please add Mockito as an agent to your build what is described in Mockito's documentation: https://javadoc.io/doc/org.mockito/mockito-core/latest/org/mockito/Mockito.html#0.3
WARNING: A Java agent has been loaded dynamically (/Users/christianalvarezlobos/.m2/repository/net/bytebuddy/byte-buddy-agent/1.15.11/byte-buddy-agent-1.15.11.jar)
WARNING: If a serviceability tool is in use, please run with -XX:+EnableDynamicAgentLoading to hide this warning
WARNING: If a serviceability tool is not in use, please run with -Djdk.instrument.traceUsage for more information
WARNING: Dynamic loading of agents will be disallowed by default in a future release
]]></system-err>
  </testcase>
</testsuite>